#
# A fatal error has been detected by the Java Runtime Environment:
#
#  EXCEPTION_ACCESS_VIOLATION (0xc0000005) at pc=0x0000017967c03fc1, pid=5060, tid=39492
#
# JRE version: Java(TM) SE Runtime Environment (24.0+36) (build 24+36-3646)
# Java VM: Java HotSpot(TM) 64-Bit Server VM (24+36-3646, mixed mode, sharing, tiered, compressed oops, compressed class ptrs, g1 gc, windows-amd64)
# Problematic frame:
# C  [GTIII-OSD64.dll+0x3fc1]
#
# No core dump will be written. Minidumps are not enabled by default on client versions of Windows
#
# If you would like to submit a bug report, please visit:
#   https://bugreport.java.com/bugreport/crash.jsp
#

---------------  S U M M A R Y ------------

Command Line: --enable-preview -XX:+ShowCodeDetailsInExceptionMessages Formulario3

Host: AMD Ryzen 9 9900X 12-Core Processor            , 24 cores, 31G,  Windows 11 , 64 bit Build 26100 (10.0.26100.3912)
Time: Mon May 12 20:32:12 2025 Hora estándar de Argentina elapsed time: 55.339482 seconds (0d 0h 0m 55s)

---------------  T H R E A D  ---------------

Current thread (0x000001797f695bb0):  VMThread "VM Thread"          [id=39492, stack(0x0000002bf3800000,0x0000002bf3900000) (1024K)]

Stack: [0x0000002bf3800000,0x0000002bf3900000],  sp=0x0000002bf38fedf0,  free space=1019k
Native frames: (J=compiled Java code, j=interpreted, Vv=VM code, C=native code)
C  [GTIII-OSD64.dll+0x3fc1]  (no source info available)
C  [GTIII-OSD64.dll+0x495c]  (no source info available)
C  [GTIII-OSD64.dll+0x359cb]  (no source info available)
C  [GTIII-OSD64.dll+0x38950]  (no source info available)
C  [GTIII-OSD64.dll+0x3165a]  (no source info available)
C  [GTIII-OSD64.dll+0x316e7]  (no source info available)
C  [GTIII-OSD64.dll+0x31c47]  (no source info available)
C  [GTIII-OSD64.dll+0xde71f]  (no source info available)
C  [ntdll.dll+0x88083]  (no source info available)
C  [ntdll.dll+0x9da1f]  (no source info available)
C  [ntdll.dll+0x9c794]  (no source info available)
C  [KERNEL32.DLL+0x418ab]  (no source info available)
C  [ucrtbase.dll+0xa0093]  (no source info available)
V  [jvm.dll+0x72932c]  (no source info available)
V  [jvm.dll+0x728e60]  (no source info available)
V  [jvm.dll+0x41b4a4]  (no source info available)
V  [jvm.dll+0x8e2872]  (no source info available)
V  [jvm.dll+0x8e3bbc]  (no source info available)
V  [jvm.dll+0x8e4128]  (no source info available)
V  [jvm.dll+0x8e43c3]  (no source info available)
V  [jvm.dll+0x87d8fb]  (no source info available)
V  [jvm.dll+0x72efe5]  (no source info available)
C  [ucrtbase.dll+0x37b0]  (no source info available)
C  [KERNEL32.DLL+0x2e8d7]  (no source info available)
C  [ntdll.dll+0x9c5dc]  (no source info available)


siginfo: EXCEPTION_ACCESS_VIOLATION (0xc0000005), reading address 0x00007ff946724030


Registers:
RAX=0x0000000000000000, RBX=0x00000179678f09e0, RCX=0x0000000000000006, RDX=0x0000000000000000
RSP=0x0000002bf38fedf0, RBP=0x0000000000000006, RSI=0x0000000000000000, RDI=0x00007ff946724030
R8 =0x0000002bf38fee60, R9 =0x0000000000000000, R10=0x0000000000000000, R11=0x0000002bf38fedf0
R12=0x0000017967c00000, R13=0x000000007ffe0385, R14=0x0000000000000005, R15=0x0000002bf38fee60
RIP=0x0000017967c03fc1, EFLAGS=0x0000000000010246

XMM[0]=0x0000000000000000 0x0000000000000000
XMM[1]=0x0000000000000000 0x0000000000000000
XMM[2]=0x0000000000000000 0x0000000000000000
XMM[3]=0x0000000000000000 0x0000000000000000
XMM[4]=0x0000000000000000 0x0000000000000000
XMM[5]=0x0000000000000000 0x0000000000000000
XMM[6]=0x0000000000000000 0x0000000000000000
XMM[7]=0x0000000000000000 0x404e000000000000
XMM[8]=0x0000000000000000 0x0000000000000000
XMM[9]=0x0000000000000000 0x0000000000000000
XMM[10]=0x0000000000000000 0x0000000000000000
XMM[11]=0x0000000000000000 0x0000000000000000
XMM[12]=0x0000000000000000 0x0000000000000000
XMM[13]=0x0000000000000000 0x0000000000000000
XMM[14]=0x0000000000000000 0x0000000000000000
XMM[15]=0x0000000000000000 0x0000000000000000
  MXCSR=0x00001fa0


Register to memory mapping:

RAX=0x0 is null
RBX=0x00000179678f09e0 points into unknown readable memory: 0x0000000000000001 | 01 00 00 00 00 00 00 00
RCX=0x0000000000000006 is an unknown value
RDX=0x0 is null
RSP=0x0000002bf38fedf0 points into unknown readable memory: 0x0000000000000000 | 00 00 00 00 00 00 00 00
RBP=0x0000000000000006 is an unknown value
RSI=0x0 is null
RDI=0x00007ff946724030 is an unknown value
R8 =0x0000002bf38fee60 points into unknown readable memory: 0x0000000000000000 | 00 00 00 00 00 00 00 00
R9 =0x0 is null
R10=0x0 is null
R11=0x0000002bf38fedf0 points into unknown readable memory: 0x0000000000000000 | 00 00 00 00 00 00 00 00
R12=0x0000017967c00000 GTIII-OSD64.dll
R13=0x000000007ffe0385 points into unknown readable memory: 00 00 00
R14=0x0000000000000005 is an unknown value
R15=0x0000002bf38fee60 points into unknown readable memory: 0x0000000000000000 | 00 00 00 00 00 00 00 00

Top of Stack: (sp=0x0000002bf38fedf0)
0x0000002bf38fedf0:   0000000000000000 0000017967c00000   ...........gy...
0x0000002bf38fee00:   0000000000000002 0000017967c03e0f   .........>.gy...
0x0000002bf38fee10:   0000000000000000 0000000000000000   ................
0x0000002bf38fee20:   0000000000000000 0000017967c00000   ...........gy...
0x0000002bf38fee30:   0000000000000002 0000017967c0495c   ........\I.gy...
0x0000002bf38fee40:   0000000000000001 0000000000000006   ................
0x0000002bf38fee50:   0000002bf38ff490 0000000000000000   ....+...........
0x0000002bf38fee60:   0000000000000000 0000000000000000   ................
0x0000002bf38fee70:   0000000000000001 0000017967c359cb   .........Y.gy...
0x0000002bf38fee80:   0000000000000001 0000017967c00000   ...........gy...
0x0000002bf38fee90:   0000002bf38fee48 0000000000000000   H...+...........
0x0000002bf38feea0:   0000000000000001 0000017967c38950   ........P..gy...
0x0000002bf38feeb0:   000000007ffe0385 0000000000009a44   ........D.......
0x0000002bf38feec0:   000001796fca03d4 00000000000013c4   ...oy...........
0x0000002bf38feed0:   00000000000013c4 0000017967c3165a   ........Z..gy...
0x0000002bf38feee0:   0000017971980000 0000000000000000   ...qy...........
0x0000002bf38feef0:   000001796409f860 0000017919fe6570   `..dy...pe..y...
0x0000002bf38fef00:   0000000000000000 0000017967c316e7   ...........gy...
0x0000002bf38fef10:   0000000000000000 000001796409f860   ........`..dy...
0x0000002bf38fef20:   0000002bf38fef10 0000000000000001   ....+...........
0x0000002bf38fef30:   0000002bf38ff490 0000017967c31c47   ....+...G..gy...
0x0000002bf38fef40:   0000017900000042 0000000000000000   B...y...........
0x0000002bf38fef50:   0000017967c00000 0000000000000000   ...gy...........
0x0000002bf38fef60:   000000007ffe0385 0000000064210000   ..........!d....
0x0000002bf38fef70:   0000000000000001 000000006422f962   ........b."d....
0x0000002bf38fef80:   0000000000000001 0000017967cde71f   ...........gy...
0x0000002bf38fef90:   0000000000000001 000000007ffe0384   ................
0x0000002bf38fefa0:   0000000000000000 000000006422fad5   .........."d....
0x0000002bf38fefb0:   0000000000000001 0000000000000000   ................
0x0000002bf38fefc0:   0000000000000001 00000000000000bc   ................
0x0000002bf38fefd0:   0000017967cde7c4 0000000000000001   ...gy...........
0x0000002bf38fefe0:   0000000000000001 00007ff9c1ea8083   ................

Instructions: (pc=0x0000017967c03fc1)
  0x0000017967c03ec1:   08 08 c7 44 24 30 22 00 00 00 48 8b 43 08 48 89
  0x0000017967c03ed1:   44 24 20 48 8b 43 18 48 83 c0 1e 48 89 44 24 28
  0x0000017967c03ee1:   e8 ee 0a 00 00 85 c0 75 07 b8 08 00 00 00 eb 60
  0x0000017967c03ef1:   8b 54 24 34 48 8b 4b 08 85 d2 74 16 8b 41 fb 89
  0x0000017967c03f01:   43 20 0f b7 41 ff 66 89 43 24 8a 41 01 88 43 26
  0x0000017967c03f11:   eb 0b 8b 01 89 43 20 8a 41 04 88 43 24 8a 43 28
  0x0000017967c03f21:   80 e2 01 8b 4b 2c 24 fe 0a c2 83 e1 f0 88 43 28
  0x0000017967c03f31:   8b 44 24 38 83 e0 0f 0b c8 48 8b 44 24 3c 48 89
  0x0000017967c03f41:   43 30 48 8b 44 24 44 48 89 43 38 33 c0 89 4b 2c
  0x0000017967c03f51:   48 8b 4c 24 50 48 33 cc e8 72 99 0d 00 48 83 c4
  0x0000017967c03f61:   60 5b c3 48 89 5c 24 10 48 89 6c 24 18 48 89 74
  0x0000017967c03f71:   24 20 57 41 56 41 57 48 83 ec 30 8b d9 4d 8b f8
  0x0000017967c03f81:   48 c1 e3 06 8b f2 48 03 1d c2 66 08 08 8b e9 48
  0x0000017967c03f91:   8b 7b 08 85 d2 74 0f 8b cd e8 fd fe ff ff 85 c0
  0x0000017967c03fa1:   0f 85 11 01 00 00 8a 43 28 24 01 74 04 48 83 c7
  0x0000017967c03fb1:   fb 0f b6 c0 4c 8d 34 45 05 00 00 00 85 f6 75 35
=>0x0000017967c03fc1:   80 3f e9 75 30 4c 63 57 01 49 83 c2 f5 4c 03 d7
  0x0000017967c03fd1:   4c 39 53 18 74 1f 48 8b 53 08 4c 8d 0d 82 ff ff
  0x0000017967c03fe1:   ff 49 8b 4a 08 44 8b c5 4c 89 7c 24 20 41 ff 12
  0x0000017967c03ff1:   e9 c2 00 00 00 4c 8d 4c 24 50 41 b8 40 00 00 00
  0x0000017967c04001:   49 8b d6 48 8b cf ff 15 7b e3 10 00 85 c0 75 0a
  0x0000017967c04011:   b8 0a 00 00 00 e9 9d 00 00 00 85 f6 74 1f c6 07
  0x0000017967c04021:   e9 8b 43 18 2b c7 83 c0 0b 89 47 01 f6 43 28 01
  0x0000017967c04031:   74 2c 48 8b 43 08 66 c7 00 eb f9 eb 21 8b 43 20
  0x0000017967c04041:   f6 43 28 01 89 07 74 10 0f b7 43 24 66 89 47 04
  0x0000017967c04051:   8a 43 26 88 47 06 eb 06 8a 43 24 88 47 04 44 8b
  0x0000017967c04061:   44 24 50 4c 8d 4c 24 50 49 8b d6 48 8b cf ff 15
  0x0000017967c04071:   13 e3 10 00 ff 15 dd e0 10 00 4d 8b c6 48 8b d7
  0x0000017967c04081:   48 8b c8 ff 15 0e e2 10 00 44 8b c6 8b d5 49 8b
  0x0000017967c04091:   cf e8 e1 fb ff ff 40 8a c6 40 c0 e6 02 02 c0 32
  0x0000017967c040a1:   43 28 24 02 32 43 28 40 32 f0 40 80 e6 04 40 32
  0x0000017967c040b1:   f0 40 88 73 28 33 c0 48 8b 5c 24 58 48 8b 6c 24


Stack slot to memory mapping:

stack at sp + 0 slots: 0x0 is null
stack at sp + 1 slots: 0x0000017967c00000 GTIII-OSD64.dll
stack at sp + 2 slots: 0x0000000000000002 is an unknown value
stack at sp + 3 slots: 0x0000017967c03e0f GTIII-OSD64.dll
stack at sp + 4 slots: 0x0 is null
stack at sp + 5 slots: 0x0 is null
stack at sp + 6 slots: 0x0 is null
stack at sp + 7 slots: 0x0000017967c00000 GTIII-OSD64.dll

VM_Operation (0x0000002bf48fee60): Exit, mode: safepoint, requested by thread 0x0000017919b2a8b0


---------------  P R O C E S S  ---------------

Threads class SMR info:
_java_thread_list=0x0000017919abdcc0, length=14, elements={
0x000001797f6a6170, 0x000001797f6a68b0, 0x000001797f6a9fb0, 0x000001797f6aebb0,
0x000001797f6abfd0, 0x000001797f6add10, 0x00000179197da720, 0x000001797f6b48d0,
0x000001797f6ab880, 0x000001797f6ad5c0, 0x000001797f6ac720, 0x000001797f6ace70,
0x0000017919b2a8b0, 0x0000017919b28b70
}

Java Threads: ( => current thread )
  0x000001797f6a6170 JavaThread "Reference Handler"          daemon [_thread_blocked, id=39668, stack(0x0000002bf3900000,0x0000002bf3a00000) (1024K)]
  0x000001797f6a68b0 JavaThread "Finalizer"                  daemon [_thread_blocked, id=39636, stack(0x0000002bf3a00000,0x0000002bf3b00000) (1024K)]
  0x000001797f6a9fb0 JavaThread "Signal Dispatcher"          daemon [_thread_blocked, id=28476, stack(0x0000002bf3b00000,0x0000002bf3c00000) (1024K)]
  0x000001797f6aebb0 JavaThread "Attach Listener"            daemon [_thread_blocked, id=37932, stack(0x0000002bf3c00000,0x0000002bf3d00000) (1024K)]
  0x000001797f6abfd0 JavaThread "Service Thread"             daemon [_thread_blocked, id=32956, stack(0x0000002bf3d00000,0x0000002bf3e00000) (1024K)]
  0x000001797f6add10 JavaThread "Monitor Deflation Thread"   daemon [_thread_blocked, id=35572, stack(0x0000002bf3e00000,0x0000002bf3f00000) (1024K)]
  0x00000179197da720 JavaThread "C2 CompilerThread0"         daemon [_thread_blocked, id=37384, stack(0x0000002bf3f00000,0x0000002bf4000000) (1024K)]
  0x000001797f6b48d0 JavaThread "C1 CompilerThread0"         daemon [_thread_blocked, id=39400, stack(0x0000002bf4000000,0x0000002bf4100000) (1024K)]
  0x000001797f6ab880 JavaThread "Notification Thread"        daemon [_thread_blocked, id=13972, stack(0x0000002bf4100000,0x0000002bf4200000) (1024K)]
  0x000001797f6ad5c0 JavaThread "Common-Cleaner"             daemon [_thread_blocked, id=37380, stack(0x0000002bf4200000,0x0000002bf4300000) (1024K)]
  0x000001797f6ac720 JavaThread "Java2D Disposer"            daemon [_thread_blocked, id=16768, stack(0x0000002bf4300000,0x0000002bf4400000) (1024K)]
  0x000001797f6ace70 JavaThread "AWT-Shutdown"                      [_thread_blocked, id=11500, stack(0x0000002bf4400000,0x0000002bf4500000) (1024K)]
  0x0000017919b2a8b0 JavaThread "AWT-EventQueue-0"                  [_thread_blocked, id=37284, stack(0x0000002bf4800000,0x0000002bf4900000) (1024K)]
  0x0000017919b28b70 JavaThread "DestroyJavaVM"                     [_thread_blocked, id=31688, stack(0x0000002bf3100000,0x0000002bf3200000) (1024K)]
Total: 14

Other Threads:
=>0x000001797f695bb0 VMThread "VM Thread"                           [id=39492, stack(0x0000002bf3800000,0x0000002bf3900000) (1024K)]
  0x0000017973ea3c20 WorkerThread "GC Thread#0"                     [id=29452, stack(0x0000002bf3200000,0x0000002bf3300000) (1024K)]
  0x0000017973eb83c0 ConcurrentGCThread "G1 Main Marker"            terminated
  0x0000017973ebb040 WorkerThread "G1 Conc#0"                       [id=36500, stack(0x0000002bf3400000,0x0000002bf3500000) (1024K)]
  0x000001797f5cd700 ConcurrentGCThread "G1 Refine#0"               terminated
  0x000001797f5cdca0 ConcurrentGCThread "G1 Service"                terminated
Total: 6

Threads with active compile tasks:
Total: 0

VM state: at safepoint (shutting down)

VM Mutex/Monitor currently owned by a thread:  ([mutex/lock_event])
[0x00007ff8c09c44c0] Threads_lock - owner thread: 0x000001797f695bb0
[0x00007ff8c09c45c0] Heap_lock - owner thread: 0x0000017919b2a8b0

Heap address: 0x000000060d400000, size: 7980 MB, Compressed Oops mode: Zero based, Oop shift amount: 3

CDS archive(s) mapped at: [0x000001791a000000-0x000001791ad40000-0x000001791ad40000), size 13893632, SharedBaseAddress: 0x000001791a000000, ArchiveRelocationMode: 1.
Compressed class space mapped at: 0x000001791b000000-0x000001795b000000, reserved size: 1073741824
UseCompressedClassPointers 1, UseCompactObjectHeaders 0
Narrow klass pointer bits 32, Max shift 3
Narrow klass base: 0x000001791a000000, Narrow klass shift: 0
Encoding Range: [0x000001791a000000 - 0x0000017a1a000000), (4294967296 bytes)
Klass Range:    [0x000001791a000000 - 0x000001795b000000), (1090519040 bytes)
Klass ID Range:  [8 - 1090519033) (1090519025)

GC Precious Log:
 CardTable entry size: 512
 Card Set container configuration: InlinePtr #cards 4 size 8 Array Of Cards #cards 32 size 80 Howl #buckets 8 coarsen threshold 7372 Howl Bitmap #cards 1024 size 144 coarsen threshold 921 Card regions per heap region 1 cards per card region 8192
 CPUs: 24 total, 24 available
 Memory: 31911M
 Large Page Support: Disabled
 NUMA Support: Disabled
 Compressed Oops: Enabled (Zero based)
 Heap Region Size: 4M
 Heap Min Capacity: 8M
 Heap Initial Capacity: 500M
 Heap Max Capacity: 7980M
 Pre-touch: Disabled
 Parallel Workers: 18
 Concurrent Workers: 5
 Concurrent Refinement Workers: 18
 Periodic GC: Disabled

Heap:
 garbage-first heap   total reserved 8171520K, committed 516096K, used 17524K [0x000000060d400000, 0x0000000800000000)
  region size 4096K, 5 young (20480K), 0 survivors (0K)
 Metaspace       used 7324K, committed 7552K, reserved 1114112K
  class space    used 625K, committed 704K, reserved 1048576K

Heap Regions: E=young(eden), S=young(survivor), O=old, HS=humongous(starts), HC=humongous(continues), CS=collection set, F=free, TAMS=top-at-mark-start, PB=parsable bottom
|   0|0x000000060d400000, 0x000000060d400000, 0x000000060d800000|  0%| F|  |TAMS 0x000000060d400000| PB 0x000000060d400000| Untracked |  0
|   1|0x000000060d800000, 0x000000060d800000, 0x000000060dc00000|  0%| F|  |TAMS 0x000000060d800000| PB 0x000000060d800000| Untracked |  0
|   2|0x000000060dc00000, 0x000000060dc00000, 0x000000060e000000|  0%| F|  |TAMS 0x000000060dc00000| PB 0x000000060dc00000| Untracked |  0
|   3|0x000000060e000000, 0x000000060e000000, 0x000000060e400000|  0%| F|  |TAMS 0x000000060e000000| PB 0x000000060e000000| Untracked |  0
|   4|0x000000060e400000, 0x000000060e400000, 0x000000060e800000|  0%| F|  |TAMS 0x000000060e400000| PB 0x000000060e400000| Untracked |  0
|   5|0x000000060e800000, 0x000000060e800000, 0x000000060ec00000|  0%| F|  |TAMS 0x000000060e800000| PB 0x000000060e800000| Untracked |  0
|   6|0x000000060ec00000, 0x000000060ec00000, 0x000000060f000000|  0%| F|  |TAMS 0x000000060ec00000| PB 0x000000060ec00000| Untracked |  0
|   7|0x000000060f000000, 0x000000060f000000, 0x000000060f400000|  0%| F|  |TAMS 0x000000060f000000| PB 0x000000060f000000| Untracked |  0
|   8|0x000000060f400000, 0x000000060f400000, 0x000000060f800000|  0%| F|  |TAMS 0x000000060f400000| PB 0x000000060f400000| Untracked |  0
|   9|0x000000060f800000, 0x000000060f800000, 0x000000060fc00000|  0%| F|  |TAMS 0x000000060f800000| PB 0x000000060f800000| Untracked |  0
|  10|0x000000060fc00000, 0x000000060fc00000, 0x0000000610000000|  0%| F|  |TAMS 0x000000060fc00000| PB 0x000000060fc00000| Untracked |  0
|  11|0x0000000610000000, 0x0000000610000000, 0x0000000610400000|  0%| F|  |TAMS 0x0000000610000000| PB 0x0000000610000000| Untracked |  0
|  12|0x0000000610400000, 0x0000000610400000, 0x0000000610800000|  0%| F|  |TAMS 0x0000000610400000| PB 0x0000000610400000| Untracked |  0
|  13|0x0000000610800000, 0x0000000610800000, 0x0000000610c00000|  0%| F|  |TAMS 0x0000000610800000| PB 0x0000000610800000| Untracked |  0
|  14|0x0000000610c00000, 0x0000000610c00000, 0x0000000611000000|  0%| F|  |TAMS 0x0000000610c00000| PB 0x0000000610c00000| Untracked |  0
|  15|0x0000000611000000, 0x0000000611000000, 0x0000000611400000|  0%| F|  |TAMS 0x0000000611000000| PB 0x0000000611000000| Untracked |  0
|  16|0x0000000611400000, 0x0000000611400000, 0x0000000611800000|  0%| F|  |TAMS 0x0000000611400000| PB 0x0000000611400000| Untracked |  0
|  17|0x0000000611800000, 0x0000000611800000, 0x0000000611c00000|  0%| F|  |TAMS 0x0000000611800000| PB 0x0000000611800000| Untracked |  0
|  18|0x0000000611c00000, 0x0000000611c00000, 0x0000000612000000|  0%| F|  |TAMS 0x0000000611c00000| PB 0x0000000611c00000| Untracked |  0
|  19|0x0000000612000000, 0x0000000612000000, 0x0000000612400000|  0%| F|  |TAMS 0x0000000612000000| PB 0x0000000612000000| Untracked |  0
|  20|0x0000000612400000, 0x0000000612400000, 0x0000000612800000|  0%| F|  |TAMS 0x0000000612400000| PB 0x0000000612400000| Untracked |  0
|  21|0x0000000612800000, 0x0000000612800000, 0x0000000612c00000|  0%| F|  |TAMS 0x0000000612800000| PB 0x0000000612800000| Untracked |  0
|  22|0x0000000612c00000, 0x0000000612c00000, 0x0000000613000000|  0%| F|  |TAMS 0x0000000612c00000| PB 0x0000000612c00000| Untracked |  0
|  23|0x0000000613000000, 0x0000000613000000, 0x0000000613400000|  0%| F|  |TAMS 0x0000000613000000| PB 0x0000000613000000| Untracked |  0
|  24|0x0000000613400000, 0x0000000613400000, 0x0000000613800000|  0%| F|  |TAMS 0x0000000613400000| PB 0x0000000613400000| Untracked |  0
|  25|0x0000000613800000, 0x0000000613800000, 0x0000000613c00000|  0%| F|  |TAMS 0x0000000613800000| PB 0x0000000613800000| Untracked |  0
|  26|0x0000000613c00000, 0x0000000613c00000, 0x0000000614000000|  0%| F|  |TAMS 0x0000000613c00000| PB 0x0000000613c00000| Untracked |  0
|  27|0x0000000614000000, 0x0000000614000000, 0x0000000614400000|  0%| F|  |TAMS 0x0000000614000000| PB 0x0000000614000000| Untracked |  0
|  28|0x0000000614400000, 0x0000000614400000, 0x0000000614800000|  0%| F|  |TAMS 0x0000000614400000| PB 0x0000000614400000| Untracked |  0
|  29|0x0000000614800000, 0x0000000614800000, 0x0000000614c00000|  0%| F|  |TAMS 0x0000000614800000| PB 0x0000000614800000| Untracked |  0
|  30|0x0000000614c00000, 0x0000000614c00000, 0x0000000615000000|  0%| F|  |TAMS 0x0000000614c00000| PB 0x0000000614c00000| Untracked |  0
|  31|0x0000000615000000, 0x0000000615000000, 0x0000000615400000|  0%| F|  |TAMS 0x0000000615000000| PB 0x0000000615000000| Untracked |  0
|  32|0x0000000615400000, 0x0000000615400000, 0x0000000615800000|  0%| F|  |TAMS 0x0000000615400000| PB 0x0000000615400000| Untracked |  0
|  33|0x0000000615800000, 0x0000000615800000, 0x0000000615c00000|  0%| F|  |TAMS 0x0000000615800000| PB 0x0000000615800000| Untracked |  0
|  34|0x0000000615c00000, 0x0000000615c00000, 0x0000000616000000|  0%| F|  |TAMS 0x0000000615c00000| PB 0x0000000615c00000| Untracked |  0
|  35|0x0000000616000000, 0x0000000616000000, 0x0000000616400000|  0%| F|  |TAMS 0x0000000616000000| PB 0x0000000616000000| Untracked |  0
|  36|0x0000000616400000, 0x0000000616400000, 0x0000000616800000|  0%| F|  |TAMS 0x0000000616400000| PB 0x0000000616400000| Untracked |  0
|  37|0x0000000616800000, 0x0000000616800000, 0x0000000616c00000|  0%| F|  |TAMS 0x0000000616800000| PB 0x0000000616800000| Untracked |  0
|  38|0x0000000616c00000, 0x0000000616c00000, 0x0000000617000000|  0%| F|  |TAMS 0x0000000616c00000| PB 0x0000000616c00000| Untracked |  0
|  39|0x0000000617000000, 0x0000000617000000, 0x0000000617400000|  0%| F|  |TAMS 0x0000000617000000| PB 0x0000000617000000| Untracked |  0
|  40|0x0000000617400000, 0x0000000617400000, 0x0000000617800000|  0%| F|  |TAMS 0x0000000617400000| PB 0x0000000617400000| Untracked |  0
|  41|0x0000000617800000, 0x0000000617800000, 0x0000000617c00000|  0%| F|  |TAMS 0x0000000617800000| PB 0x0000000617800000| Untracked |  0
|  42|0x0000000617c00000, 0x0000000617c00000, 0x0000000618000000|  0%| F|  |TAMS 0x0000000617c00000| PB 0x0000000617c00000| Untracked |  0
|  43|0x0000000618000000, 0x0000000618000000, 0x0000000618400000|  0%| F|  |TAMS 0x0000000618000000| PB 0x0000000618000000| Untracked |  0
|  44|0x0000000618400000, 0x0000000618400000, 0x0000000618800000|  0%| F|  |TAMS 0x0000000618400000| PB 0x0000000618400000| Untracked |  0
|  45|0x0000000618800000, 0x0000000618800000, 0x0000000618c00000|  0%| F|  |TAMS 0x0000000618800000| PB 0x0000000618800000| Untracked |  0
|  46|0x0000000618c00000, 0x0000000618c00000, 0x0000000619000000|  0%| F|  |TAMS 0x0000000618c00000| PB 0x0000000618c00000| Untracked |  0
|  47|0x0000000619000000, 0x0000000619000000, 0x0000000619400000|  0%| F|  |TAMS 0x0000000619000000| PB 0x0000000619000000| Untracked |  0
|  48|0x0000000619400000, 0x0000000619400000, 0x0000000619800000|  0%| F|  |TAMS 0x0000000619400000| PB 0x0000000619400000| Untracked |  0
|  49|0x0000000619800000, 0x0000000619800000, 0x0000000619c00000|  0%| F|  |TAMS 0x0000000619800000| PB 0x0000000619800000| Untracked |  0
|  50|0x0000000619c00000, 0x0000000619c00000, 0x000000061a000000|  0%| F|  |TAMS 0x0000000619c00000| PB 0x0000000619c00000| Untracked |  0
|  51|0x000000061a000000, 0x000000061a000000, 0x000000061a400000|  0%| F|  |TAMS 0x000000061a000000| PB 0x000000061a000000| Untracked |  0
|  52|0x000000061a400000, 0x000000061a400000, 0x000000061a800000|  0%| F|  |TAMS 0x000000061a400000| PB 0x000000061a400000| Untracked |  0
|  53|0x000000061a800000, 0x000000061a800000, 0x000000061ac00000|  0%| F|  |TAMS 0x000000061a800000| PB 0x000000061a800000| Untracked |  0
|  54|0x000000061ac00000, 0x000000061ac00000, 0x000000061b000000|  0%| F|  |TAMS 0x000000061ac00000| PB 0x000000061ac00000| Untracked |  0
|  55|0x000000061b000000, 0x000000061b000000, 0x000000061b400000|  0%| F|  |TAMS 0x000000061b000000| PB 0x000000061b000000| Untracked |  0
|  56|0x000000061b400000, 0x000000061b400000, 0x000000061b800000|  0%| F|  |TAMS 0x000000061b400000| PB 0x000000061b400000| Untracked |  0
|  57|0x000000061b800000, 0x000000061b800000, 0x000000061bc00000|  0%| F|  |TAMS 0x000000061b800000| PB 0x000000061b800000| Untracked |  0
|  58|0x000000061bc00000, 0x000000061bc00000, 0x000000061c000000|  0%| F|  |TAMS 0x000000061bc00000| PB 0x000000061bc00000| Untracked |  0
|  59|0x000000061c000000, 0x000000061c000000, 0x000000061c400000|  0%| F|  |TAMS 0x000000061c000000| PB 0x000000061c000000| Untracked |  0
|  60|0x000000061c400000, 0x000000061c400000, 0x000000061c800000|  0%| F|  |TAMS 0x000000061c400000| PB 0x000000061c400000| Untracked |  0
|  61|0x000000061c800000, 0x000000061c800000, 0x000000061cc00000|  0%| F|  |TAMS 0x000000061c800000| PB 0x000000061c800000| Untracked |  0
|  62|0x000000061cc00000, 0x000000061cc00000, 0x000000061d000000|  0%| F|  |TAMS 0x000000061cc00000| PB 0x000000061cc00000| Untracked |  0
|  63|0x000000061d000000, 0x000000061d000000, 0x000000061d400000|  0%| F|  |TAMS 0x000000061d000000| PB 0x000000061d000000| Untracked |  0
|  64|0x000000061d400000, 0x000000061d400000, 0x000000061d800000|  0%| F|  |TAMS 0x000000061d400000| PB 0x000000061d400000| Untracked |  0
|  65|0x000000061d800000, 0x000000061d800000, 0x000000061dc00000|  0%| F|  |TAMS 0x000000061d800000| PB 0x000000061d800000| Untracked |  0
|  66|0x000000061dc00000, 0x000000061dc00000, 0x000000061e000000|  0%| F|  |TAMS 0x000000061dc00000| PB 0x000000061dc00000| Untracked |  0
|  67|0x000000061e000000, 0x000000061e000000, 0x000000061e400000|  0%| F|  |TAMS 0x000000061e000000| PB 0x000000061e000000| Untracked |  0
|  68|0x000000061e400000, 0x000000061e400000, 0x000000061e800000|  0%| F|  |TAMS 0x000000061e400000| PB 0x000000061e400000| Untracked |  0
|  69|0x000000061e800000, 0x000000061e800000, 0x000000061ec00000|  0%| F|  |TAMS 0x000000061e800000| PB 0x000000061e800000| Untracked |  0
|  70|0x000000061ec00000, 0x000000061ec00000, 0x000000061f000000|  0%| F|  |TAMS 0x000000061ec00000| PB 0x000000061ec00000| Untracked |  0
|  71|0x000000061f000000, 0x000000061f000000, 0x000000061f400000|  0%| F|  |TAMS 0x000000061f000000| PB 0x000000061f000000| Untracked |  0
|  72|0x000000061f400000, 0x000000061f400000, 0x000000061f800000|  0%| F|  |TAMS 0x000000061f400000| PB 0x000000061f400000| Untracked |  0
|  73|0x000000061f800000, 0x000000061f800000, 0x000000061fc00000|  0%| F|  |TAMS 0x000000061f800000| PB 0x000000061f800000| Untracked |  0
|  74|0x000000061fc00000, 0x000000061fc00000, 0x0000000620000000|  0%| F|  |TAMS 0x000000061fc00000| PB 0x000000061fc00000| Untracked |  0
|  75|0x0000000620000000, 0x0000000620000000, 0x0000000620400000|  0%| F|  |TAMS 0x0000000620000000| PB 0x0000000620000000| Untracked |  0
|  76|0x0000000620400000, 0x0000000620400000, 0x0000000620800000|  0%| F|  |TAMS 0x0000000620400000| PB 0x0000000620400000| Untracked |  0
|  77|0x0000000620800000, 0x0000000620800000, 0x0000000620c00000|  0%| F|  |TAMS 0x0000000620800000| PB 0x0000000620800000| Untracked |  0
|  78|0x0000000620c00000, 0x0000000620c00000, 0x0000000621000000|  0%| F|  |TAMS 0x0000000620c00000| PB 0x0000000620c00000| Untracked |  0
|  79|0x0000000621000000, 0x0000000621000000, 0x0000000621400000|  0%| F|  |TAMS 0x0000000621000000| PB 0x0000000621000000| Untracked |  0
|  80|0x0000000621400000, 0x0000000621400000, 0x0000000621800000|  0%| F|  |TAMS 0x0000000621400000| PB 0x0000000621400000| Untracked |  0
|  81|0x0000000621800000, 0x0000000621800000, 0x0000000621c00000|  0%| F|  |TAMS 0x0000000621800000| PB 0x0000000621800000| Untracked |  0
|  82|0x0000000621c00000, 0x0000000621c00000, 0x0000000622000000|  0%| F|  |TAMS 0x0000000621c00000| PB 0x0000000621c00000| Untracked |  0
|  83|0x0000000622000000, 0x0000000622000000, 0x0000000622400000|  0%| F|  |TAMS 0x0000000622000000| PB 0x0000000622000000| Untracked |  0
|  84|0x0000000622400000, 0x0000000622400000, 0x0000000622800000|  0%| F|  |TAMS 0x0000000622400000| PB 0x0000000622400000| Untracked |  0
|  85|0x0000000622800000, 0x0000000622800000, 0x0000000622c00000|  0%| F|  |TAMS 0x0000000622800000| PB 0x0000000622800000| Untracked |  0
|  86|0x0000000622c00000, 0x0000000622c00000, 0x0000000623000000|  0%| F|  |TAMS 0x0000000622c00000| PB 0x0000000622c00000| Untracked |  0
|  87|0x0000000623000000, 0x0000000623000000, 0x0000000623400000|  0%| F|  |TAMS 0x0000000623000000| PB 0x0000000623000000| Untracked |  0
|  88|0x0000000623400000, 0x0000000623400000, 0x0000000623800000|  0%| F|  |TAMS 0x0000000623400000| PB 0x0000000623400000| Untracked |  0
|  89|0x0000000623800000, 0x0000000623800000, 0x0000000623c00000|  0%| F|  |TAMS 0x0000000623800000| PB 0x0000000623800000| Untracked |  0
|  90|0x0000000623c00000, 0x0000000623c00000, 0x0000000624000000|  0%| F|  |TAMS 0x0000000623c00000| PB 0x0000000623c00000| Untracked |  0
|  91|0x0000000624000000, 0x0000000624000000, 0x0000000624400000|  0%| F|  |TAMS 0x0000000624000000| PB 0x0000000624000000| Untracked |  0
|  92|0x0000000624400000, 0x0000000624400000, 0x0000000624800000|  0%| F|  |TAMS 0x0000000624400000| PB 0x0000000624400000| Untracked |  0
|  93|0x0000000624800000, 0x0000000624800000, 0x0000000624c00000|  0%| F|  |TAMS 0x0000000624800000| PB 0x0000000624800000| Untracked |  0
|  94|0x0000000624c00000, 0x0000000624c00000, 0x0000000625000000|  0%| F|  |TAMS 0x0000000624c00000| PB 0x0000000624c00000| Untracked |  0
|  95|0x0000000625000000, 0x0000000625000000, 0x0000000625400000|  0%| F|  |TAMS 0x0000000625000000| PB 0x0000000625000000| Untracked |  0
|  96|0x0000000625400000, 0x0000000625400000, 0x0000000625800000|  0%| F|  |TAMS 0x0000000625400000| PB 0x0000000625400000| Untracked |  0
|  97|0x0000000625800000, 0x0000000625800000, 0x0000000625c00000|  0%| F|  |TAMS 0x0000000625800000| PB 0x0000000625800000| Untracked |  0
|  98|0x0000000625c00000, 0x0000000625c00000, 0x0000000626000000|  0%| F|  |TAMS 0x0000000625c00000| PB 0x0000000625c00000| Untracked |  0
|  99|0x0000000626000000, 0x0000000626000000, 0x0000000626400000|  0%| F|  |TAMS 0x0000000626000000| PB 0x0000000626000000| Untracked |  0
| 100|0x0000000626400000, 0x0000000626400000, 0x0000000626800000|  0%| F|  |TAMS 0x0000000626400000| PB 0x0000000626400000| Untracked |  0
| 101|0x0000000626800000, 0x0000000626800000, 0x0000000626c00000|  0%| F|  |TAMS 0x0000000626800000| PB 0x0000000626800000| Untracked |  0
| 102|0x0000000626c00000, 0x0000000626c00000, 0x0000000627000000|  0%| F|  |TAMS 0x0000000626c00000| PB 0x0000000626c00000| Untracked |  0
| 103|0x0000000627000000, 0x0000000627000000, 0x0000000627400000|  0%| F|  |TAMS 0x0000000627000000| PB 0x0000000627000000| Untracked |  0
| 104|0x0000000627400000, 0x0000000627400000, 0x0000000627800000|  0%| F|  |TAMS 0x0000000627400000| PB 0x0000000627400000| Untracked |  0
| 105|0x0000000627800000, 0x0000000627800000, 0x0000000627c00000|  0%| F|  |TAMS 0x0000000627800000| PB 0x0000000627800000| Untracked |  0
| 106|0x0000000627c00000, 0x0000000627c00000, 0x0000000628000000|  0%| F|  |TAMS 0x0000000627c00000| PB 0x0000000627c00000| Untracked |  0
| 107|0x0000000628000000, 0x0000000628000000, 0x0000000628400000|  0%| F|  |TAMS 0x0000000628000000| PB 0x0000000628000000| Untracked |  0
| 108|0x0000000628400000, 0x0000000628400000, 0x0000000628800000|  0%| F|  |TAMS 0x0000000628400000| PB 0x0000000628400000| Untracked |  0
| 109|0x0000000628800000, 0x0000000628800000, 0x0000000628c00000|  0%| F|  |TAMS 0x0000000628800000| PB 0x0000000628800000| Untracked |  0
| 110|0x0000000628c00000, 0x0000000628c00000, 0x0000000629000000|  0%| F|  |TAMS 0x0000000628c00000| PB 0x0000000628c00000| Untracked |  0
| 111|0x0000000629000000, 0x0000000629000000, 0x0000000629400000|  0%| F|  |TAMS 0x0000000629000000| PB 0x0000000629000000| Untracked |  0
| 112|0x0000000629400000, 0x0000000629400000, 0x0000000629800000|  0%| F|  |TAMS 0x0000000629400000| PB 0x0000000629400000| Untracked |  0
| 113|0x0000000629800000, 0x0000000629800000, 0x0000000629c00000|  0%| F|  |TAMS 0x0000000629800000| PB 0x0000000629800000| Untracked |  0
| 114|0x0000000629c00000, 0x0000000629c00000, 0x000000062a000000|  0%| F|  |TAMS 0x0000000629c00000| PB 0x0000000629c00000| Untracked |  0
| 115|0x000000062a000000, 0x000000062a000000, 0x000000062a400000|  0%| F|  |TAMS 0x000000062a000000| PB 0x000000062a000000| Untracked |  0
| 116|0x000000062a400000, 0x000000062a400000, 0x000000062a800000|  0%| F|  |TAMS 0x000000062a400000| PB 0x000000062a400000| Untracked |  0
| 117|0x000000062a800000, 0x000000062a800000, 0x000000062ac00000|  0%| F|  |TAMS 0x000000062a800000| PB 0x000000062a800000| Untracked |  0
| 118|0x000000062ac00000, 0x000000062ac00000, 0x000000062b000000|  0%| F|  |TAMS 0x000000062ac00000| PB 0x000000062ac00000| Untracked |  0
| 119|0x000000062b000000, 0x000000062b000000, 0x000000062b400000|  0%| F|  |TAMS 0x000000062b000000| PB 0x000000062b000000| Untracked |  0
| 120|0x000000062b400000, 0x000000062b5eb888, 0x000000062b800000| 48%| E|  |TAMS 0x000000062b400000| PB 0x000000062b400000| Complete |  0
| 121|0x000000062b800000, 0x000000062bc00000, 0x000000062bc00000|100%| E|CS|TAMS 0x000000062b800000| PB 0x000000062b800000| Complete |  0
| 122|0x000000062bc00000, 0x000000062c000000, 0x000000062c000000|100%| E|CS|TAMS 0x000000062bc00000| PB 0x000000062bc00000| Complete |  0
| 123|0x000000062c000000, 0x000000062c400000, 0x000000062c400000|100%| E|CS|TAMS 0x000000062c000000| PB 0x000000062c000000| Complete |  0
| 124|0x000000062c400000, 0x000000062c800000, 0x000000062c800000|100%| E|CS|TAMS 0x000000062c400000| PB 0x000000062c400000| Complete |  0
|1994|0x00000007ffc00000, 0x00000007ffd1d3c0, 0x0000000800000000| 27%| O|  |TAMS 0x00000007ffc00000| PB 0x00000007ffc00000| Untracked |  0

Card table byte_map: [0x000001797e420000,0x000001797f3c0000] _byte_map_base: 0x000001797b3b6000

Marking Bits: (CMBitMap*) 0x0000017973ea4240
 Bits: [0x000001790f000000, 0x0000017916cb0000)

Polling page: 0x0000017971c30000

Metaspace:

Usage:
  Non-class:      6.54 MB used.
      Class:    625.83 KB used.
       Both:      7.15 MB used.

Virtual space:
  Non-class space:       64.00 MB reserved,       6.69 MB ( 10%) committed,  1 nodes.
      Class space:        1.00 GB reserved,     704.00 KB ( <1%) committed,  1 nodes.
             Both:        1.06 GB reserved,       7.38 MB ( <1%) committed. 

Chunk freelists:
   Non-Class:  8.98 MB
       Class:  15.22 MB
        Both:  24.20 MB

MaxMetaspaceSize: unlimited
CompressedClassSpaceSize: 1.00 GB
Initial GC threshold: 21.00 MB
Current GC threshold: 21.00 MB
CDS: on
 - commit_granule_bytes: 65536.
 - commit_granule_words: 8192.
 - virtual_space_node_default_size: 8388608.
 - enlarge_chunks_in_place: 1.
UseCompressedClassPointers 1, UseCompactObjectHeaders 0
Narrow klass pointer bits 32, Max shift 3
Narrow klass base: 0x000001791a000000, Narrow klass shift: 0
Encoding Range: [0x000001791a000000 - 0x0000017a1a000000), (4294967296 bytes)
Klass Range:    [0x000001791a000000 - 0x000001795b000000), (1090519040 bytes)
Klass ID Range:  [8 - 1090519033) (1090519025)


Internal statistics:

num_allocs_failed_limit: 0.
num_arena_births: 160.
num_arena_deaths: 0.
num_vsnodes_births: 2.
num_vsnodes_deaths: 0.
num_space_committed: 118.
num_space_uncommitted: 0.
num_chunks_returned_to_freelist: 0.
num_chunks_taken_from_freelist: 204.
num_chunk_merges: 0.
num_chunk_splits: 125.
num_chunks_enlarged: 54.
num_inconsistent_stats: 0.

CodeHeap 'non-profiled nmethods': size=119232Kb used=330Kb max_used=330Kb free=118901Kb
 bounds [0x0000017907b90000, 0x0000017907e00000, 0x000001790f000000]
CodeHeap 'profiled nmethods': size=119104Kb used=1804Kb max_used=1804Kb free=117299Kb
 bounds [0x0000017900000000, 0x0000017900270000, 0x0000017907450000]
CodeHeap 'non-nmethods': size=7424Kb used=1600Kb max_used=3301Kb free=5823Kb
 bounds [0x0000017907450000, 0x0000017907790000, 0x0000017907b90000]
CodeCache: size=245760Kb, used=3734Kb, max_used=5435Kb, free=242023Kb
 total_blobs=1767, nmethods=1144, adapters=529, full_count=0
Compilation: enabled, stopped_count=0, restarted_count=0

Compilation events (20 events):
Event: 35.788 Thread 0x00000179197da720 1135       4       java.awt.Component::contains (7 bytes)
Event: 35.788 Thread 0x00000179197da720 nmethod 1135 0x0000017907bdef88 code [0x0000017907bdf080, 0x0000017907bdf130]
Event: 38.974 Thread 0x00000179197da720 1136       4       sun.awt.SunToolkit::getAppContext (42 bytes)
Event: 38.975 Thread 0x00000179197da720 nmethod 1136 0x0000017907bdf288 code [0x0000017907bdf3a0, 0x0000017907bdf4b8]
Event: 38.984 Thread 0x00000179197da720 1137       4       sun.awt.AWTAutoShutdown::notifyToolkitThreadBusy (8 bytes)
Event: 38.985 Thread 0x00000179197da720 nmethod 1137 0x0000017907bdf588 code [0x0000017907bdf6c0, 0x0000017907bdfb90]
Event: 38.985 Thread 0x00000179197da720 1138       4       sun.awt.AWTAutoShutdown::notifyToolkitThreadFree (8 bytes)
Event: 38.986 Thread 0x00000179197da720 nmethod 1138 0x0000017907bdfc08 code [0x0000017907bdfd40, 0x0000017907be01d8]
Event: 38.992 Thread 0x00000179197da720 1139       4       java.util.concurrent.locks.AbstractQueuedSynchronizer$Node::setPrevRelaxed (12 bytes)
Event: 38.992 Thread 0x00000179197da720 nmethod 1139 0x0000017907be0288 code [0x0000017907be0380, 0x0000017907be04f8]
Event: 38.992 Thread 0x00000179197da720 1140       4       java.util.concurrent.locks.AbstractQueuedSynchronizer::casTail (13 bytes)
Event: 38.993 Thread 0x00000179197da720 nmethod 1140 0x0000017907be0588 code [0x0000017907be0680, 0x0000017907be0830]
Event: 38.993 Thread 0x00000179197da720 1141       4       jdk.internal.misc.Unsafe::putIntOpaque (9 bytes)
Event: 38.993 Thread 0x00000179197da720 nmethod 1141 0x0000017907be0888 code [0x0000017907be0980, 0x0000017907be0a00]
Event: 38.994 Thread 0x00000179197da720 1142       4       java.awt.Container::getMouseEventTarget (50 bytes)
Event: 39.003 Thread 0x00000179197da720 nmethod 1142 0x0000017907be0b88 code [0x0000017907be0de0, 0x0000017907be2370]
Event: 39.003 Thread 0x00000179197da720 1143       4       java.util.concurrent.locks.AbstractQueuedSynchronizer$Node::setStatusRelaxed (12 bytes)
Event: 39.003 Thread 0x00000179197da720 nmethod 1143 0x0000017907be2408 code [0x0000017907be2500, 0x0000017907be2578]
Event: 54.236 Thread 0x000001797f6b48d0 1144       1       sun.util.locale.StringTokenIterator::isDone (5 bytes)
Event: 54.236 Thread 0x000001797f6b48d0 nmethod 1144 0x0000017907be2708 code [0x0000017907be2800, 0x0000017907be28c8]

GC Heap History (0 events):
No events

Dll operation events (8 events):
Event: 0.005 Loaded shared library C:\Program Files\Java\jdk-24\bin\java.dll
Event: 0.019 Loaded shared library C:\Program Files\Java\jdk-24\bin\jsvml.dll
Event: 0.029 Loaded shared library C:\Program Files\Java\jdk-24\bin\jimage.dll
Event: 0.034 Loaded shared library C:\Program Files\Java\jdk-24\bin\awt.dll
Event: 0.213 Loaded shared library C:\Program Files\Java\jdk-24\bin\freetype.dll
Event: 0.213 Loaded shared library C:\Program Files\Java\jdk-24\bin\fontmanager.dll
Event: 0.269 Loaded shared library C:\Program Files\Java\jdk-24\bin\net.dll
Event: 0.270 Loaded shared library C:\Program Files\Java\jdk-24\bin\nio.dll

Deoptimization events (20 events):
Event: 0.287 Thread 0x0000017919b2a8b0 DEOPT PACKING pc=0x0000017907bc2134 sp=0x0000002bf48fc300
Event: 0.287 Thread 0x0000017919b2a8b0 DEOPT UNPACKING pc=0x0000017907576302 sp=0x0000002bf48fc248 mode 2
Event: 0.287 Thread 0x0000017919b2a8b0 Uncommon trap: trap_request=0xffffffd6 fr.pc=0x0000017907bc2134 relative=0x00000000000006d4
Event: 0.287 Thread 0x0000017919b2a8b0 Uncommon trap: reason=array_check action=maybe_recompile pc=0x0000017907bc2134 method=jdk.internal.classfile.impl.SplitConstantPool.internalAdd(Ljava/lang/classfile/constantpool/PoolEntry;I)Ljava/lang/classfile/constantpool/PoolEntry; @ 46 c2
Event: 0.287 Thread 0x0000017919b2a8b0 DEOPT PACKING pc=0x0000017907bc2134 sp=0x0000002bf48fc300
Event: 0.287 Thread 0x0000017919b2a8b0 DEOPT UNPACKING pc=0x0000017907576302 sp=0x0000002bf48fc248 mode 2
Event: 0.287 Thread 0x0000017919b2a8b0 Uncommon trap: trap_request=0xffffff4d fr.pc=0x0000017907bbd974 relative=0x00000000000000d4
Event: 0.287 Thread 0x0000017919b2a8b0 Uncommon trap: reason=unstable_if action=reinterpret pc=0x0000017907bbd974 method=jdk.internal.classfile.impl.RawBytecodeHelper.next()Z @ 46 c2
Event: 0.287 Thread 0x0000017919b2a8b0 DEOPT PACKING pc=0x0000017907bbd974 sp=0x0000002bf48fc1f0
Event: 0.287 Thread 0x0000017919b2a8b0 DEOPT UNPACKING pc=0x0000017907576302 sp=0x0000002bf48fc178 mode 2
Event: 0.288 Thread 0x0000017919b2a8b0 DEOPT PACKING pc=0x000001790010c85c sp=0x0000002bf48fc730
Event: 0.288 Thread 0x0000017919b2a8b0 DEOPT UNPACKING pc=0x00000179074a6642 sp=0x0000002bf48fbc28 mode 0
Event: 2.385 Thread 0x0000017919b2a8b0 Uncommon trap: trap_request=0xffffff4d fr.pc=0x0000017907bcb744 relative=0x00000000000000a4
Event: 2.385 Thread 0x0000017919b2a8b0 Uncommon trap: reason=unstable_if action=reinterpret pc=0x0000017907bcb744 method=java.awt.Component.inside(II)Z @ 13 c2
Event: 2.385 Thread 0x0000017919b2a8b0 DEOPT PACKING pc=0x0000017907bcb744 sp=0x0000002bf48fed90
Event: 2.385 Thread 0x0000017919b2a8b0 DEOPT UNPACKING pc=0x0000017907576302 sp=0x0000002bf48fec20 mode 2
Event: 54.235 Thread 0x0000017919b2a8b0 Uncommon trap: trap_request=0xffffffde fr.pc=0x0000017907bdc6cc relative=0x00000000000043cc
Event: 54.235 Thread 0x0000017919b2a8b0 Uncommon trap: reason=class_check action=maybe_recompile pc=0x0000017907bdc6cc method=java.awt.EventQueue.coalesceEvent(Ljava/awt/AWTEvent;I)Z @ 32 c2
Event: 54.235 Thread 0x0000017919b2a8b0 DEOPT PACKING pc=0x0000017907bdc6cc sp=0x0000002bf48ff410
Event: 54.235 Thread 0x0000017919b2a8b0 DEOPT UNPACKING pc=0x0000017907576302 sp=0x0000002bf48ff268 mode 2

Classes loaded (20 events):
Event: 0.790 Loading class java/awt/Container$MouseEventTargetFilter
Event: 0.790 Loading class java/awt/Container$EventTargetFilter
Event: 0.790 Loading class java/awt/Container$EventTargetFilter done
Event: 0.790 Loading class java/awt/Container$MouseEventTargetFilter done
Event: 0.790 Loading class java/awt/event/AWTEventListenerProxy
Event: 0.790 Loading class java/awt/event/AWTEventListenerProxy done
Event: 0.790 Loading class java/awt/Toolkit$SelectiveAWTEventListener
Event: 0.790 Loading class java/awt/Toolkit$SelectiveAWTEventListener done
Event: 0.790 Loading class java/awt/Toolkit$ToolkitEventMulticaster
Event: 0.790 Loading class java/awt/Toolkit$ToolkitEventMulticaster done
Event: 0.790 Loading class java/awt/event/MouseWheelEvent
Event: 0.790 Loading class java/awt/event/MouseWheelEvent done
Event: 1.312 Loading class javax/swing/event/ChangeEvent
Event: 1.312 Loading class javax/swing/event/ChangeEvent done
Event: 1.587 Loading class java/lang/Math$RandomNumberGeneratorHolder
Event: 1.587 Loading class java/lang/Math$RandomNumberGeneratorHolder done
Event: 1.589 Loading class javax/swing/CellRendererPane
Event: 1.590 Loading class javax/swing/CellRendererPane done
Event: 54.236 Loading class java/lang/invoke/MethodHandle$1
Event: 54.236 Loading class java/lang/invoke/MethodHandle$1 done

Classes unloaded (0 events):
No events

Classes redefined (0 events):
No events

Internal exceptions (20 events):
Event: 0.163 Thread 0x0000017919b2a8b0 Exception <a 'java/lang/NoSuchMethodError'{0x000000062c1930f0}: 'void java.lang.invoke.DirectMethodHandle$Holder.invokeSpecial(java.lang.Object, java.lang.Object, java.lang.Object)'> (0x000000062c1930f0) 
thrown [s\open\src\hotspot\share\interpreter\linkResolver.cpp, line 805]
Event: 0.168 Thread 0x0000017919b2a8b0 Exception <a 'java/lang/NoSuchMethodError'{0x000000062c2f8d28}: 'java.lang.Object java.lang.invoke.DirectMethodHandle$Holder.newInvokeSpecial(java.lang.Object, java.lang.Object, java.lang.Object, java.lang.Object, java.lang.Object)'> (0x000000062c2f8d28) 
thrown [s\open\src\hotspot\share\interpreter\linkResolver.cpp, line 805]
Event: 0.171 Thread 0x0000017919b2a8b0 Exception <a 'java/lang/NoSuchMethodError'{0x000000062c3611f0}: 'java.lang.Object java.lang.invoke.DirectMethodHandle$Holder.invokeStatic(java.lang.Object, int, java.lang.Object)'> (0x000000062c3611f0) 
thrown [s\open\src\hotspot\share\interpreter\linkResolver.cpp, line 805]
Event: 0.184 Thread 0x0000017919b2a8b0 Exception <a 'java/lang/ClassNotFoundException'{0x000000062bd92c68}: com/sun/swing/internal/plaf/metal/resources/spi/metalProvider> (0x000000062bd92c68) 
thrown [s\open\src\hotspot\share\classfile\systemDictionary.cpp, line 327]
Event: 0.185 Thread 0x0000017919b2a8b0 Exception <a 'java/lang/ClassNotFoundException'{0x000000062bd96978}: com/sun/swing/internal/plaf/basic/resources/spi/basicProvider> (0x000000062bd96978) 
thrown [s\open\src\hotspot\share\classfile\systemDictionary.cpp, line 327]
Event: 0.189 Thread 0x0000017919b2a8b0 Exception <a 'java/lang/NoSuchMethodError'{0x000000062bdc4e98}: 'int java.lang.invoke.Invokers$Holder.invokeExact_MT(java.lang.Object, java.lang.Object)'> (0x000000062bdc4e98) 
thrown [s\open\src\hotspot\share\interpreter\linkResolver.cpp, line 805]
Event: 0.205 Thread 0x0000017919b2a8b0 Exception <a 'java/lang/NoSuchMethodError'{0x000000062be0edb8}: 'long java.lang.invoke.DirectMethodHandle$Holder.invokeStaticInit(java.lang.Object, long, long, long, long)'> (0x000000062be0edb8) 
thrown [s\open\src\hotspot\share\interpreter\linkResolver.cpp, line 805]
Event: 0.205 Thread 0x0000017919b2a8b0 Exception <a 'java/lang/NoSuchMethodError'{0x000000062be17930}: 'java.lang.Object java.lang.invoke.DirectMethodHandle$Holder.invokeInterface(java.lang.Object, java.lang.Object, long, long)'> (0x000000062be17930) 
thrown [s\open\src\hotspot\share\interpreter\linkResolver.cpp, line 805]
Event: 0.206 Thread 0x0000017919b2a8b0 Exception <a 'java/lang/NoSuchMethodError'{0x000000062be30218}: 'void java.lang.invoke.DirectMethodHandle$Holder.invokeStaticInit(java.lang.Object, java.lang.Object, long, java.lang.Object)'> (0x000000062be30218) 
thrown [s\open\src\hotspot\share\interpreter\linkResolver.cpp, line 805]
Event: 0.206 Thread 0x0000017919b2a8b0 Exception <a 'java/lang/NoSuchMethodError'{0x000000062be38e00}: 'long java.lang.invoke.DirectMethodHandle$Holder.invokeStatic(java.lang.Object, long, long)'> (0x000000062be38e00) 
thrown [s\open\src\hotspot\share\interpreter\linkResolver.cpp, line 805]
Event: 0.207 Thread 0x0000017919b2a8b0 Exception <a 'java/lang/NoSuchMethodError'{0x000000062be62020}: 'java.lang.Object java.lang.invoke.DirectMethodHandle$Holder.newInvokeSpecial(java.lang.Object, int, java.lang.Object)'> (0x000000062be62020) 
thrown [s\open\src\hotspot\share\interpreter\linkResolver.cpp, line 805]
Event: 0.208 Thread 0x0000017919b2a8b0 Exception <a 'java/lang/NoSuchMethodError'{0x000000062be7d4f0}: 'void java.lang.invoke.DelegatingMethodHandle$Holder.reinvoke_L(java.lang.Object, java.lang.Object, java.lang.Object, java.lang.Object, long, long, int)'> (0x000000062be7d4f0) 
thrown [s\open\src\hotspot\share\interpreter\linkResolver.cpp, line 805]
Event: 0.209 Thread 0x0000017919b2a8b0 Exception <a 'java/lang/NoSuchMethodError'{0x000000062be9d6c0}: 'java.lang.Object java.lang.invoke.DirectMethodHandle$Holder.invokeStatic(java.lang.Object, java.lang.Object, java.lang.Object, java.lang.Object, java.lang.Object, long)'> (0x000000062be9d6c0) 
thrown [s\open\src\hotspot\share\interpreter\linkResolver.cpp, line 805]
Event: 0.210 Thread 0x0000017919b2a8b0 Exception <a 'java/lang/NoSuchMethodError'{0x000000062bec1ef0}: 'void java.lang.invoke.DelegatingMethodHandle$Holder.reinvoke_L(java.lang.Object, java.lang.Object, java.lang.Object, java.lang.Object, long, long, long)'> (0x000000062bec1ef0) 
thrown [s\open\src\hotspot\share\interpreter\linkResolver.cpp, line 805]
Event: 0.211 Thread 0x0000017919b2a8b0 Exception <a 'java/lang/NoSuchMethodError'{0x000000062bedb580}: 'void java.lang.invoke.DirectMethodHandle$Holder.invokeStaticInit(java.lang.Object)'> (0x000000062bedb580) 
thrown [s\open\src\hotspot\share\interpreter\linkResolver.cpp, line 805]
Event: 0.246 Thread 0x000001797f6ae460 Exception <a 'java/lang/NoSuchMethodError'{0x000000062c7e7580}: 'void java.lang.invoke.DirectMethodHandle$Holder.invokeVirtual(java.lang.Object, java.lang.Object)'> (0x000000062c7e7580) 
thrown [s\open\src\hotspot\share\interpreter\linkResolver.cpp, line 805]
Event: 0.259 Thread 0x0000017919b2a8b0 Exception <a 'java/lang/NoSuchMethodError'{0x000000062bf8fb60}: 'void java.lang.invoke.DelegatingMethodHandle$Holder.reinvoke_L(java.lang.Object, java.lang.Object, java.lang.Object, java.lang.Object, long, long, float)'> (0x000000062bf8fb60) 
thrown [s\open\src\hotspot\share\interpreter\linkResolver.cpp, line 805]
Event: 0.266 Thread 0x0000017919b2a8b0 Exception <a 'java/lang/NoSuchMethodError'{0x000000062bfd0ee8}: 'void java.lang.invoke.DelegatingMethodHandle$Holder.reinvoke_L(java.lang.Object, java.lang.Object, java.lang.Object, java.lang.Object, long, long, double)'> (0x000000062bfd0ee8) 
thrown [s\open\src\hotspot\share\interpreter\linkResolver.cpp, line 805]
Event: 0.276 Thread 0x0000017919b2a8b0 Exception <a 'java/lang/NoSuchMethodError'{0x000000062b834250}: 'float java.lang.invoke.DelegatingMethodHandle$Holder.reinvoke_L(java.lang.Object, java.lang.Object, java.lang.Object, java.lang.Object, long, long)'> (0x000000062b834250) 
thrown [s\open\src\hotspot\share\interpreter\linkResolver.cpp, line 805]
Event: 1.589 Thread 0x0000017919b2a8b0 Exception <a 'java/lang/NoSuchMethodError'{0x000000062b8c6b10}: 'java.lang.Object java.lang.invoke.DelegatingMethodHandle$Holder.reinvoke_L(java.lang.Object, java.lang.Object, int, int, int)'> (0x000000062b8c6b10) 
thrown [s\open\src\hotspot\share\interpreter\linkResolver.cpp, line 805]

VM Operations (9 events):
Event: 0.184 Executing VM operation: HandshakeAllThreads (Deoptimize)
Event: 0.184 Executing VM operation: HandshakeAllThreads (Deoptimize) done
Event: 0.191 Executing VM operation: HandshakeAllThreads (Deoptimize)
Event: 0.191 Executing VM operation: HandshakeAllThreads (Deoptimize) done
Event: 0.288 Executing VM operation: HandshakeAllThreads (Deoptimize)
Event: 0.288 Executing VM operation: HandshakeAllThreads (Deoptimize) done
Event: 0.288 Executing VM operation: HandshakeAllThreads (Deoptimize)
Event: 0.288 Executing VM operation: HandshakeAllThreads (Deoptimize) done
Event: 55.330 Executing VM operation: Exit

Memory protections (0 events):
No events

Nmethod flushes (0 events):
No events

Events (20 events):
Event: 0.050 Thread 0x00000179719b19d0 Thread added: 0x000001797f6ac720
Event: 0.050 Thread 0x00000179719b19d0 Thread added: 0x000001797f6ace70
Event: 0.050 Thread 0x00000179719b19d0 Thread added: 0x000001797f6ae460
Event: 0.051 Thread 0x000001797f6b48d0 Thread added: 0x000001795f3432a0
Event: 0.051 Thread 0x000001797f6b48d0 Thread added: 0x000001795f3441c0
Event: 0.059 Thread 0x00000179719b19d0 Thread added: 0x0000017919b2a8b0
Event: 0.059 Thread 0x00000179719b19d0 Thread exited: 0x00000179719b19d0
Event: 0.059 Thread 0x0000017919b28b70 Thread added: 0x0000017919b28b70
Event: 0.259 Thread 0x0000017919b2a8b0 Thread added: 0x0000017919b292c0
Event: 0.275 Thread 0x000001795f3432a0 Thread added: 0x000001795f340cd0
Event: 2.355 Thread 0x000001795f340cd0 Thread exited: 0x000001795f340cd0
Event: 2.355 Thread 0x000001795f3441c0 Thread exited: 0x000001795f3441c0
Event: 4.892 Thread 0x000001795f3432a0 Thread exited: 0x000001795f3432a0
Event: 55.229 Thread 0x0000017919b2a8b0 Thread added: 0x0000017919b29a10
Event: 55.229 Thread 0x0000017919b2a8b0 Thread added: 0x0000017919b2b000
Event: 55.229 Thread 0x0000017919b29a10 Thread exited: 0x0000017919b29a10
Event: 55.229 Thread 0x0000017919b292c0 Thread exited: 0x0000017919b292c0
Event: 55.260 Thread 0x000001797f6ae460 Thread exited: 0x000001797f6ae460
Event: 55.330 Thread 0x0000017919b2b000 Thread exited: 0x0000017919b2b000
Event: 55.330 Thread 0x0000017919b2a8b0 Before exit entered


Dynamic libraries:
0x00007ff7ecae0000 - 0x00007ff7ecaf0000 	C:\Program Files\Java\jdk-24\bin\java.exe
0x00007ff9c1e20000 - 0x00007ff9c2086000 	C:\WINDOWS\SYSTEM32\ntdll.dll
0x00007ff9c0cf0000 - 0x00007ff9c0db9000 	C:\WINDOWS\System32\KERNEL32.DLL
0x00007ff9bf810000 - 0x00007ff9bfbdc000 	C:\WINDOWS\System32\KERNELBASE.dll
0x00007ff9bf330000 - 0x00007ff9bf47b000 	C:\WINDOWS\System32\ucrtbase.dll
0x00007ff994020000 - 0x00007ff99403b000 	C:\Program Files\Java\jdk-24\bin\VCRUNTIME140.dll
0x00007ff993430000 - 0x00007ff993446000 	C:\Program Files\Java\jdk-24\bin\jli.dll
0x00007ff9c0ec0000 - 0x00007ff9c108a000 	C:\WINDOWS\System32\USER32.dll
0x00007ff9bf520000 - 0x00007ff9bf547000 	C:\WINDOWS\System32\win32u.dll
0x00007ff9a9420000 - 0x00007ff9a96ba000 	C:\WINDOWS\WinSxS\amd64_microsoft.windows.common-controls_6595b64144ccf1df_6.0.26100.3912_none_3e07963ce335137e\COMCTL32.dll
0x00007ff9bff40000 - 0x00007ff9bff6b000 	C:\WINDOWS\System32\GDI32.dll
0x00007ff9c1cb0000 - 0x00007ff9c1d59000 	C:\WINDOWS\System32\msvcrt.dll
0x00007ff9bf130000 - 0x00007ff9bf262000 	C:\WINDOWS\System32\gdi32full.dll
0x00007ff9bf760000 - 0x00007ff9bf803000 	C:\WINDOWS\System32\msvcp_win.dll
0x00007ff9c0cb0000 - 0x00007ff9c0ce0000 	C:\WINDOWS\System32\IMM32.DLL
0x00007ff9a1c80000 - 0x00007ff9a1c8c000 	C:\Program Files\Java\jdk-24\bin\vcruntime140_1.dll
0x00007ff92c0e0000 - 0x00007ff92c16e000 	C:\Program Files\Java\jdk-24\bin\msvcp140.dll
0x00007ff8bfd00000 - 0x00007ff8c0aa2000 	C:\Program Files\Java\jdk-24\bin\server\jvm.dll
0x00007ff9c1a40000 - 0x00007ff9c1af2000 	C:\WINDOWS\System32\ADVAPI32.dll
0x00007ff9c1990000 - 0x00007ff9c1a36000 	C:\WINDOWS\System32\sechost.dll
0x00007ff9c1b80000 - 0x00007ff9c1c96000 	C:\WINDOWS\System32\RPCRT4.dll
0x00007ff9bfec0000 - 0x00007ff9bff34000 	C:\WINDOWS\System32\WS2_32.dll
0x00007ff9be7f0000 - 0x00007ff9be84e000 	C:\WINDOWS\SYSTEM32\POWRPROF.dll
0x00007ff9b9350000 - 0x00007ff9b935b000 	C:\WINDOWS\SYSTEM32\VERSION.dll
0x00007ff9b35d0000 - 0x00007ff9b3606000 	C:\WINDOWS\SYSTEM32\WINMM.dll
0x00007ff9be7d0000 - 0x00007ff9be7e4000 	C:\WINDOWS\SYSTEM32\UMPDC.dll
0x00007ff9bdd30000 - 0x00007ff9bdd4a000 	C:\WINDOWS\SYSTEM32\kernel.appcore.dll
0x00007ff9a1b60000 - 0x00007ff9a1b6a000 	C:\Program Files\Java\jdk-24\bin\jimage.dll
0x00007ff9b3d10000 - 0x00007ff9b3f51000 	C:\WINDOWS\SYSTEM32\DBGHELP.DLL
0x00007ff9c08f0000 - 0x00007ff9c0c74000 	C:\WINDOWS\System32\combase.dll
0x00007ff9c18a0000 - 0x00007ff9c1980000 	C:\WINDOWS\System32\OLEAUT32.dll
0x00007ff9a3b20000 - 0x00007ff9a3b59000 	C:\WINDOWS\SYSTEM32\dbgcore.DLL
0x00007ff9bf480000 - 0x00007ff9bf519000 	C:\WINDOWS\System32\bcryptPrimitives.dll
0x00007ff990b70000 - 0x00007ff990b8e000 	C:\Program Files\Java\jdk-24\bin\java.dll
0x00007ff9c0740000 - 0x00007ff9c08df000 	C:\WINDOWS\System32\ole32.dll
0x00007ff9bff70000 - 0x00007ff9c069d000 	C:\WINDOWS\System32\SHELL32.dll
0x00007ff9befb0000 - 0x00007ff9bf124000 	C:\WINDOWS\System32\wintypes.dll
0x00007ff9bcc00000 - 0x00007ff9bd456000 	C:\WINDOWS\SYSTEM32\windows.storage.dll
0x00007ff9c0dc0000 - 0x00007ff9c0eaf000 	C:\WINDOWS\System32\SHCORE.dll
0x00007ff9c1830000 - 0x00007ff9c1899000 	C:\WINDOWS\System32\shlwapi.dll
0x00007ff9beec0000 - 0x00007ff9beeef000 	C:\WINDOWS\SYSTEM32\profapi.dll
0x00007ff90bb00000 - 0x00007ff90bbd7000 	C:\Program Files\Java\jdk-24\bin\jsvml.dll
0x00007ff90b980000 - 0x00007ff90baff000 	C:\Program Files\Java\jdk-24\bin\awt.dll
0x00007ff9bc000000 - 0x00007ff9bc09e000 	C:\WINDOWS\SYSTEM32\apphelp.dll
0x00007ff9bc160000 - 0x00007ff9bc20f000 	C:\WINDOWS\system32\uxtheme.dll
0x0000000180000000 - 0x000000018813d000 	C:\Program Files (x86)\ASUS\GPUTweakIII\GTIII-OSD\x64\GTIII-OSD64-VK.dll
0x00007ff9276b0000 - 0x00007ff927835000 	C:\WINDOWS\SYSTEM32\vulkan-1.dll
0x00007ff9bec40000 - 0x00007ff9bec97000 	C:\WINDOWS\SYSTEM32\CFGMGR32.dll
0x00007ff9bfd50000 - 0x00007ff9bfeaf000 	C:\WINDOWS\System32\MSCTF.dll
0x00007ff9bc560000 - 0x00007ff9bc596000 	C:\WINDOWS\system32\DWMAPI.DLL
0x00007ff927330000 - 0x00007ff92743c000 	C:\WINDOWS\system32\opengl32.dll
0x00007ff92a280000 - 0x00007ff92a2ad000 	C:\WINDOWS\SYSTEM32\GLU32.dll
0x00007ff9bc320000 - 0x00007ff9bc367000 	C:\WINDOWS\SYSTEM32\dxcore.dll
0x00007ff9be6a0000 - 0x00007ff9be6b3000 	C:\WINDOWS\SYSTEM32\msasn1.dll
0x00007ff9b8490000 - 0x00007ff9b84cb000 	C:\WINDOWS\SYSTEM32\cryptnet.dll
0x00007ff9bf5e0000 - 0x00007ff9bf757000 	C:\WINDOWS\System32\CRYPT32.dll
0x00007ff9be4b0000 - 0x00007ff9be4bc000 	C:\WINDOWS\SYSTEM32\cryptbase.dll
0x00007ff9be550000 - 0x00007ff9be5ad000 	C:\WINDOWS\SYSTEM32\wldp.dll
0x00007ff9b8280000 - 0x00007ff9b83fc000 	C:\WINDOWS\SYSTEM32\drvstore.dll
0x00007ff9bebf0000 - 0x00007ff9bec1d000 	C:\WINDOWS\SYSTEM32\devobj.dll
0x00007ff9bf550000 - 0x00007ff9bf5d0000 	C:\WINDOWS\System32\wintrust.dll
0x00007ff9c0c80000 - 0x00007ff9c0ca0000 	C:\WINDOWS\System32\imagehlp.dll
0x00007ff9be640000 - 0x00007ff9be65c000 	C:\WINDOWS\SYSTEM32\CRYPTSP.dll
0x00007ff9bdc90000 - 0x00007ff9bdcca000 	C:\WINDOWS\system32\rsaenh.dll
0x00007ff9bee90000 - 0x00007ff9beeb6000 	C:\WINDOWS\SYSTEM32\bcrypt.dll
0x00007ff9bc390000 - 0x00007ff9bc3f0000 	C:\WINDOWS\SYSTEM32\directxdatabasehelper.dll
0x00007ff99e650000 - 0x00007ff99e956000 	C:\WINDOWS\system32\nvspcap64.dll
0x00007ff9bde50000 - 0x00007ff9bde85000 	C:\WINDOWS\SYSTEM32\ntmarta.dll
0x00007ff9be2f0000 - 0x00007ff9be317000 	C:\WINDOWS\SYSTEM32\gpapi.dll
0x00007ff99e490000 - 0x00007ff99e644000 	C:\WINDOWS\System32\DriverStore\FileRepository\nv_dispi.inf_amd64_0fb2df354c49e826\nvppex.dll
0x00007ff92c050000 - 0x00007ff92c0d7000 	C:\Program Files\Java\jdk-24\bin\freetype.dll
0x00007ff90b8a0000 - 0x00007ff90b977000 	C:\Program Files\Java\jdk-24\bin\fontmanager.dll
0x00007ff9a98b0000 - 0x00007ff9a99fd000 	C:\WINDOWS\SYSTEM32\textinputframework.dll
0x00007ff9a1a30000 - 0x00007ff9a1a40000 	C:\Program Files\Java\jdk-24\bin\net.dll
0x00007ff9be280000 - 0x00007ff9be2ea000 	C:\WINDOWS\system32\mswsock.dll
0x00007ff98b0e0000 - 0x00007ff98b0f6000 	C:\Program Files\Java\jdk-24\bin\nio.dll
0x00007ff9bb730000 - 0x00007ff9bb856000 	C:\WINDOWS\SYSTEM32\CoreMessaging.dll
0x00007ff9b8b10000 - 0x00007ff9b8df3000 	C:\WINDOWS\SYSTEM32\CoreUIComponents.dll
0x0000017967c00000 - 0x000001796fe5f000 	C:\Program Files (x86)\ASUS\GPUTweakIII\GTIII-OSD\x64\GTIII-OSD64.dll
0x00007ff92a2b0000 - 0x00007ff92a2e4000 	C:\WINDOWS\SYSTEM32\d3d10_1.dll
0x00007ff968550000 - 0x00007ff968573000 	C:\WINDOWS\SYSTEM32\d3d12.dll
0x00007ff9ba310000 - 0x00007ff9ba78f000 	C:\WINDOWS\SYSTEM32\D3DCOMPILER_47.dll
0x00007ff92b610000 - 0x00007ff92b61e000 	C:\WINDOWS\SYSTEM32\d3d10_1core.dll
0x00007ff9bb290000 - 0x00007ff9bb4f6000 	C:\WINDOWS\SYSTEM32\d3d11.dll
0x00007ff9bc400000 - 0x00007ff9bc533000 	C:\WINDOWS\SYSTEM32\dxgi.dll
0x00000179675f0000 - 0x0000017967853000 	C:\WINDOWS\SYSTEM32\d3dx9_43.dll
0x000001797ff60000 - 0x0000017988087000 	C:\Program Files (x86)\ASUS\GPUTweakIII\GTIII-OSD\x64\GTIII-OSD64-GL.dll
0x00007ff9c1ca0000 - 0x00007ff9c1ca8000 	C:\WINDOWS\System32\PSAPI.DLL
0x0000000064210000 - 0x0000000064273000 	C:\Program Files (x86)\ASUS\GPUTweakIII\GTIII-OSD\x64\glew32.dll
0x00007ff9948e0000 - 0x00007ff99498b000 	C:\WINDOWS\SYSTEM32\TextShaping.dll

dbghelp: loaded successfully - version: 4.0.5 - missing functions: none
symbol engine: initialized successfully - sym options: 0x614 - pdb path: .;C:\Program Files\Java\jdk-24\bin;C:\WINDOWS\SYSTEM32;C:\WINDOWS\WinSxS\amd64_microsoft.windows.common-controls_6595b64144ccf1df_6.0.26100.3912_none_3e07963ce335137e;C:\Program Files\Java\jdk-24\bin\server;C:\Program Files (x86)\ASUS\GPUTweakIII\GTIII-OSD\x64;C:\WINDOWS\System32\DriverStore\FileRepository\nv_dispi.inf_amd64_0fb2df354c49e826

VM Arguments:
jvm_args: --enable-preview -XX:+ShowCodeDetailsInExceptionMessages 
java_command: Formulario3
java_class_path (initial): C:\Users\nacho\AppData\Roaming\Code\User\workspaceStorage\daec4c8b4697b4b07e011c6c522b41d4\redhat.java\jdt_ws\Estructuras-de-Datos_32e4c648\bin
Launcher Type: SUN_STANDARD

[Global flags]
     intx CICompilerCount                          = 12                                        {product} {ergonomic}
     uint ConcGCThreads                            = 5                                         {product} {ergonomic}
     uint G1ConcRefinementThreads                  = 18                                        {product} {ergonomic}
   size_t G1HeapRegionSize                         = 4194304                                   {product} {ergonomic}
   size_t InitialHeapSize                          = 524288000                                 {product} {ergonomic}
   size_t MarkStackSize                            = 4194304                                   {product} {ergonomic}
   size_t MarkStackSizeMax                         = 536870912                                 {product} {ergonomic}
   size_t MaxHeapSize                              = 8367636480                                {product} {ergonomic}
   size_t MaxNewSize                               = 5020581888                                {product} {ergonomic}
   size_t MinHeapDeltaBytes                        = 4194304                                   {product} {ergonomic}
   size_t MinHeapSize                              = 8388608                                   {product} {ergonomic}
    uintx NonNMethodCodeHeapSize                   = 7602176                                {pd product} {ergonomic}
    uintx NonProfiledCodeHeapSize                  = 122093568                              {pd product} {ergonomic}
    uintx ProfiledCodeHeapSize                     = 121962496                              {pd product} {ergonomic}
    uintx ReservedCodeCacheSize                    = 251658240                              {pd product} {ergonomic}
     bool SegmentedCodeCache                       = true                                      {product} {ergonomic}
     bool ShowCodeDetailsInExceptionMessages       = true                                   {manageable} {command line}
   size_t SoftMaxHeapSize                          = 8367636480                             {manageable} {ergonomic}
     bool UseCompressedOops                        = true                           {product lp64_product} {ergonomic}
     bool UseG1GC                                  = true                                      {product} {ergonomic}
     bool UseLargePagesIndividualAllocation        = false                                  {pd product} {ergonomic}

Logging:
Log output configuration:
 #0: stdout all=off uptime,level,tags foldmultilines=false
 #1: stderr all=off uptime,level,tags foldmultilines=false

Environment Variables:
PATH=C:\Program Files\Common Files\Oracle\Java\javapath;C:\WINDOWS\system32;C:\WINDOWS;C:\WINDOWS\System32\Wbem;C:\WINDOWS\System32\WindowsPowerShell\v1.0\;C:\WINDOWS\System32\OpenSSH\;C:\Program Files\NVIDIA Corporation\NVIDIA app\NvDLISR;C:\Program Files (x86)\NVIDIA Corporation\PhysX\Common;C:\Program Files\Microsoft SQL Server\150\Tools\Binn\;C:\Program Files\Microsoft SQL Server\Client SDK\ODBC\170\Tools\Binn\;C:\Program Files\Git\cmd;C:\Program Files (x86)\Microsoft SQL Server\160\Tools\Binn\;C:\Program Files\Microsoft SQL Server\160\Tools\Binn\;C:\Program Files\Microsoft SQL Server\160\DTS\Binn\;C:\Program Files (x86)\Microsoft SQL Server\160\DTS\Binn\;C:\Program Files\dotnet\;C:\Users\nacho\AppData\Local\Programs\Python\Python313\Scripts\;C:\Users\nacho\AppData\Local\Programs\Python\Python313\;C:\Users\nacho\AppData\Local\Microsoft\WindowsApps;C:\Users\nacho\AppData\Local\Programs\Microsoft VS Code\bin;C:\Users\nacho\AppData\Local\GitHubDesktop\bin;C:\Users\nacho\.dotnet\tools;c:\Users\nacho\.vscode\extensions\ms-python.debugpy-2025.6.0-win32-x64\bundled\scripts\noConfigScripts
USERNAME=nacho
LANG=en_US.UTF-8
OS=Windows_NT
PROCESSOR_IDENTIFIER=AMD64 Family 26 Model 68 Stepping 0, AuthenticAMD
TMP=C:\Users\nacho\AppData\Local\Temp
TEMP=C:\Users\nacho\AppData\Local\Temp




Periodic native trim disabled

---------------  S Y S T E M  ---------------

OS:
 Windows 11 , 64 bit Build 26100 (10.0.26100.3912)
OS uptime: 0 days 7:20 hours
Hyper-V role detected

CPU: total 24 (initial active 24) (24 cores per cpu, 2 threads per core) family 26 model 68 stepping 0 microcode 0xb404023, cx8, cmov, fxsr, ht, mmx, 3dnowpref, sse, sse2, sse3, ssse3, sse4a, sse4.1, sse4.2, popcnt, lzcnt, tsc, tscinvbit, avx, avx2, aes, erms, clmul, bmi1, bmi2, adx, avx512f, avx512dq, avx512cd, avx512bw, avx512vl, sha, fma, vzeroupper, avx512_vpopcntdq, avx512_vpclmulqdq, avx512_vaes, avx512_vnni, clflush, clflushopt, avx512_vbmi2, avx512_vbmi, hv, rdtscp, rdpid, fsrm, gfni, avx512_bitalg, f16c, cet_ss, avx512_ifma
Processor Information for the first 24 processors :
  Max Mhz: 4400, Current Mhz: 4400, Mhz Limit: 4400

Memory: 4k page, system-wide physical 31911M (16790M free)
TotalPageFile size 36035M (AvailPageFile size 2230M)
current process WorkingSet (physical memory assigned to process): 100M, peak: 190M
current process commit charge ("private bytes"): 1061M, peak: 1157M

vm_info: Java HotSpot(TM) 64-Bit Server VM (24+36-3646) for windows-amd64 JRE (24+36-3646), built on 2025-02-06T00:20:43Z with MS VC++ 17.6 (VS2022)

END.
