#
# A fatal error has been detected by the Java Runtime Environment:
#
#  EXCEPTION_ACCESS_VIOLATION (0xc0000005) at pc=0x000002437f753fc1, pid=9636, tid=2056
#
# JRE version: Java(TM) SE Runtime Environment (24.0+36) (build 24+36-3646)
# Java VM: Java HotSpot(TM) 64-Bit Server VM (24+36-3646, mixed mode, sharing, tiered, compressed oops, compressed class ptrs, g1 gc, windows-amd64)
# Problematic frame:
# C  [GTIII-OSD64.dll+0x3fc1]
#
# No core dump will be written. Minidumps are not enabled by default on client versions of Windows
#
# If you would like to submit a bug report, please visit:
#   https://bugreport.java.com/bugreport/crash.jsp
#

---------------  S U M M A R Y ------------

Command Line: --enable-preview -XX:+ShowCodeDetailsInExceptionMessages Formulario

Host: AMD Ryzen 9 9900X 12-Core Processor            , 24 cores, 31G,  Windows 11 , 64 bit Build 26100 (10.0.26100.3912)
Time: Mon May  5 14:31:15 2025 Hora estándar de Argentina elapsed time: 17.730336 seconds (0d 0h 0m 17s)

---------------  T H R E A D  ---------------

Current thread (0x000002436aa12100):  VMThread "VM Thread"          [id=2056, stack(0x0000007d5cc00000,0x0000007d5cd00000) (1024K)]

Stack: [0x0000007d5cc00000,0x0000007d5cd00000],  sp=0x0000007d5ccfef40,  free space=1019k
Native frames: (J=compiled Java code, j=interpreted, Vv=VM code, C=native code)
C  [GTIII-OSD64.dll+0x3fc1]  (no source info available)
C  [GTIII-OSD64.dll+0x495c]  (no source info available)
C  [GTIII-OSD64.dll+0x359cb]  (no source info available)
C  [GTIII-OSD64.dll+0x38950]  (no source info available)
C  [GTIII-OSD64.dll+0x3165a]  (no source info available)
C  [GTIII-OSD64.dll+0x316e7]  (no source info available)
C  [GTIII-OSD64.dll+0x31c47]  (no source info available)
C  [GTIII-OSD64.dll+0xde71f]  (no source info available)
C  [ntdll.dll+0x88083]  (no source info available)
C  [ntdll.dll+0x9da1f]  (no source info available)
C  [ntdll.dll+0x9c794]  (no source info available)
C  [KERNEL32.DLL+0x418ab]  (no source info available)
C  [ucrtbase.dll+0xa0093]  (no source info available)
V  [jvm.dll+0x72932c]  (no source info available)
V  [jvm.dll+0x728e60]  (no source info available)
V  [jvm.dll+0x41b4a4]  (no source info available)
V  [jvm.dll+0x8e2872]  (no source info available)
V  [jvm.dll+0x8e3bbc]  (no source info available)
V  [jvm.dll+0x8e4128]  (no source info available)
V  [jvm.dll+0x8e43c3]  (no source info available)
V  [jvm.dll+0x87d8fb]  (no source info available)
V  [jvm.dll+0x72efe5]  (no source info available)
C  [ucrtbase.dll+0x37b0]  (no source info available)
C  [KERNEL32.DLL+0x2e8d7]  (no source info available)
C  [ntdll.dll+0x9c5dc]  (no source info available)


siginfo: EXCEPTION_ACCESS_VIOLATION (0xc0000005), reading address 0x00007ff9571c4030


Registers:
RAX=0x0000000000000000, RBX=0x0000024343c609e0, RCX=0x0000000000000006, RDX=0x0000000000000000
RSP=0x0000007d5ccfef40, RBP=0x0000000000000006, RSI=0x0000000000000000, RDI=0x00007ff9571c4030
R8 =0x0000007d5ccfefb0, R9 =0x0000000000000000, R10=0x0000000000000000, R11=0x0000007d5ccfef40
R12=0x000002437f750000, R13=0x000000007ffe0385, R14=0x0000000000000005, R15=0x0000007d5ccfefb0
RIP=0x000002437f753fc1, EFLAGS=0x0000000000010246

XMM[0]=0x0000000000000000 0x0000000000000000
XMM[1]=0x0000000000000000 0x0000000000000000
XMM[2]=0x0000000000000000 0x0000000000000000
XMM[3]=0x0000000000000000 0x0000000000000000
XMM[4]=0x0000000000000000 0x0000000000000000
XMM[5]=0x0000000000000000 0x0000000000000000
XMM[6]=0x0000000000000000 0x0000000000000000
XMM[7]=0x0000000000000000 0x404e000000000000
XMM[8]=0x0000000000000000 0x0000000000000000
XMM[9]=0x0000000000000000 0x0000000000000000
XMM[10]=0x0000000000000000 0x0000000000000000
XMM[11]=0x0000000000000000 0x0000000000000000
XMM[12]=0x0000000000000000 0x0000000000000000
XMM[13]=0x0000000000000000 0x0000000000000000
XMM[14]=0x0000000000000000 0x0000000000000000
XMM[15]=0x0000000000000000 0x0000000000000000
  MXCSR=0x00001fa0


Register to memory mapping:

RAX=0x0 is null
RBX=0x0000024343c609e0 points into unknown readable memory: 0x0000000000000001 | 01 00 00 00 00 00 00 00
RCX=0x0000000000000006 is an unknown value
RDX=0x0 is null
RSP=0x0000007d5ccfef40 points into unknown readable memory: 0x0000000000000000 | 00 00 00 00 00 00 00 00
RBP=0x0000000000000006 is an unknown value
RSI=0x0 is null
RDI=0x00007ff9571c4030 is an unknown value
R8 =0x0000007d5ccfefb0 points into unknown readable memory: 0x0000000000000000 | 00 00 00 00 00 00 00 00
R9 =0x0 is null
R10=0x0 is null
R11=0x0000007d5ccfef40 points into unknown readable memory: 0x0000000000000000 | 00 00 00 00 00 00 00 00
R12=0x000002437f750000 GTIII-OSD64.dll
R13=0x000000007ffe0385 points into unknown readable memory: 00 00 00
R14=0x0000000000000005 is an unknown value
R15=0x0000007d5ccfefb0 points into unknown readable memory: 0x0000000000000000 | 00 00 00 00 00 00 00 00

Top of Stack: (sp=0x0000007d5ccfef40)
0x0000007d5ccfef40:   0000000000000000 000002437f750000   ..........u.C...
0x0000007d5ccfef50:   0000000000000002 000002437f753e0f   .........>u.C...
0x0000007d5ccfef60:   0000000000000000 0000000000000000   ................
0x0000007d5ccfef70:   0000000000000000 000002437f750000   ..........u.C...
0x0000007d5ccfef80:   0000000000000002 000002437f75495c   ........\Iu.C...
0x0000007d5ccfef90:   0000000000000001 0000000000000006   ................
0x0000007d5ccfefa0:   0000007d5ccff5e0 0000000000000000   ...\}...........
0x0000007d5ccfefb0:   0000000000000000 0000000000000000   ................
0x0000007d5ccfefc0:   0000000000000001 000002437f7859cb   .........Yx.C...
0x0000007d5ccfefd0:   0000000000000001 000002437f750000   ..........u.C...
0x0000007d5ccfefe0:   0000007d5ccfef98 0000000000000000   ...\}...........
0x0000007d5ccfeff0:   0000000000000001 000002437f788950   ........P.x.C...
0x0000007d5ccff000:   000000007ffe0385 0000000000000808   ................
0x0000007d5ccff010:   00000243877f03d4 00000000000025a4   ....C....%......
0x0000007d5ccff020:   00000000000025a4 000002437f78165a   .%......Z.x.C...
0x0000007d5ccff030:   0000024343f20000 0000000000000000   ...CC...........
0x0000007d5ccff040:   0000024342818a50 0000000000000000   P..BC...........
0x0000007d5ccff050:   0000000000000000 000002437f7816e7   ..........x.C...
0x0000007d5ccff060:   0000000000000000 0000024342818a50   ........P..BC...
0x0000007d5ccff070:   0000007d5ccff060 0000000000000001   `..\}...........
0x0000007d5ccff080:   0000007d5ccff5e0 000002437f781c47   ...\}...G.x.C...
0x0000007d5ccff090:   0000024300000042 0000000000000000   B...C...........
0x0000007d5ccff0a0:   000002437f750000 0000000000000000   ..u.C...........
0x0000007d5ccff0b0:   000000000000008d 000000000000008d   ................
0x0000007d5ccff0c0:   0000000000000000 0000000000000000   ................
0x0000007d5ccff0d0:   0000000000000001 000002437f82e71f   ............C...
0x0000007d5ccff0e0:   0000000000000101 000000007ffe0384   ................
0x0000007d5ccff0f0:   0000024344260150 0000009000000110   P.&DC...........
0x0000007d5ccff100:   0000000000000001 0000000000000000   ................
0x0000007d5ccff110:   0000000000000000 00000000000000bc   ................
0x0000007d5ccff120:   000002437f82e7c4 0000000000000001   ....C...........
0x0000007d5ccff130:   0000000000000001 00007ff9db708083   ..........p.....

Instructions: (pc=0x000002437f753fc1)
  0x000002437f753ec1:   08 08 c7 44 24 30 22 00 00 00 48 8b 43 08 48 89
  0x000002437f753ed1:   44 24 20 48 8b 43 18 48 83 c0 1e 48 89 44 24 28
  0x000002437f753ee1:   e8 ee 0a 00 00 85 c0 75 07 b8 08 00 00 00 eb 60
  0x000002437f753ef1:   8b 54 24 34 48 8b 4b 08 85 d2 74 16 8b 41 fb 89
  0x000002437f753f01:   43 20 0f b7 41 ff 66 89 43 24 8a 41 01 88 43 26
  0x000002437f753f11:   eb 0b 8b 01 89 43 20 8a 41 04 88 43 24 8a 43 28
  0x000002437f753f21:   80 e2 01 8b 4b 2c 24 fe 0a c2 83 e1 f0 88 43 28
  0x000002437f753f31:   8b 44 24 38 83 e0 0f 0b c8 48 8b 44 24 3c 48 89
  0x000002437f753f41:   43 30 48 8b 44 24 44 48 89 43 38 33 c0 89 4b 2c
  0x000002437f753f51:   48 8b 4c 24 50 48 33 cc e8 72 99 0d 00 48 83 c4
  0x000002437f753f61:   60 5b c3 48 89 5c 24 10 48 89 6c 24 18 48 89 74
  0x000002437f753f71:   24 20 57 41 56 41 57 48 83 ec 30 8b d9 4d 8b f8
  0x000002437f753f81:   48 c1 e3 06 8b f2 48 03 1d c2 66 08 08 8b e9 48
  0x000002437f753f91:   8b 7b 08 85 d2 74 0f 8b cd e8 fd fe ff ff 85 c0
  0x000002437f753fa1:   0f 85 11 01 00 00 8a 43 28 24 01 74 04 48 83 c7
  0x000002437f753fb1:   fb 0f b6 c0 4c 8d 34 45 05 00 00 00 85 f6 75 35
=>0x000002437f753fc1:   80 3f e9 75 30 4c 63 57 01 49 83 c2 f5 4c 03 d7
  0x000002437f753fd1:   4c 39 53 18 74 1f 48 8b 53 08 4c 8d 0d 82 ff ff
  0x000002437f753fe1:   ff 49 8b 4a 08 44 8b c5 4c 89 7c 24 20 41 ff 12
  0x000002437f753ff1:   e9 c2 00 00 00 4c 8d 4c 24 50 41 b8 40 00 00 00
  0x000002437f754001:   49 8b d6 48 8b cf ff 15 7b e3 10 00 85 c0 75 0a
  0x000002437f754011:   b8 0a 00 00 00 e9 9d 00 00 00 85 f6 74 1f c6 07
  0x000002437f754021:   e9 8b 43 18 2b c7 83 c0 0b 89 47 01 f6 43 28 01
  0x000002437f754031:   74 2c 48 8b 43 08 66 c7 00 eb f9 eb 21 8b 43 20
  0x000002437f754041:   f6 43 28 01 89 07 74 10 0f b7 43 24 66 89 47 04
  0x000002437f754051:   8a 43 26 88 47 06 eb 06 8a 43 24 88 47 04 44 8b
  0x000002437f754061:   44 24 50 4c 8d 4c 24 50 49 8b d6 48 8b cf ff 15
  0x000002437f754071:   13 e3 10 00 ff 15 dd e0 10 00 4d 8b c6 48 8b d7
  0x000002437f754081:   48 8b c8 ff 15 0e e2 10 00 44 8b c6 8b d5 49 8b
  0x000002437f754091:   cf e8 e1 fb ff ff 40 8a c6 40 c0 e6 02 02 c0 32
  0x000002437f7540a1:   43 28 24 02 32 43 28 40 32 f0 40 80 e6 04 40 32
  0x000002437f7540b1:   f0 40 88 73 28 33 c0 48 8b 5c 24 58 48 8b 6c 24


Stack slot to memory mapping:

stack at sp + 0 slots: 0x0 is null
stack at sp + 1 slots: 0x000002437f750000 GTIII-OSD64.dll
stack at sp + 2 slots: 0x0000000000000002 is an unknown value
stack at sp + 3 slots: 0x000002437f753e0f GTIII-OSD64.dll
stack at sp + 4 slots: 0x0 is null
stack at sp + 5 slots: 0x0 is null
stack at sp + 6 slots: 0x0 is null
stack at sp + 7 slots: 0x000002437f750000 GTIII-OSD64.dll

VM_Operation (0x0000007d5ddfe9b0): Exit, mode: safepoint, requested by thread 0x0000024341178520


---------------  P R O C E S S  ---------------

Threads class SMR info:
_java_thread_list=0x000002438c81be80, length=15, elements={
0x000002436aa2a6d0, 0x000002436aa2ae10, 0x000002436aa2d7c0, 0x000002436aa2e550,
0x000002436aa2f1b0, 0x000002436aa30030, 0x000002436aa32ea0, 0x000002436aa33b50,
0x000002434112b760, 0x00000243411346e0, 0x00000243413fe200, 0x0000024341999830,
0x0000024341178520, 0x0000024343f522e0, 0x0000024342870e30
}

Java Threads: ( => current thread )
  0x000002436aa2a6d0 JavaThread "Reference Handler"          daemon [_thread_blocked, id=30536, stack(0x0000007d5cd00000,0x0000007d5ce00000) (1024K)]
  0x000002436aa2ae10 JavaThread "Finalizer"                  daemon [_thread_blocked, id=28532, stack(0x0000007d5ce00000,0x0000007d5cf00000) (1024K)]
  0x000002436aa2d7c0 JavaThread "Signal Dispatcher"          daemon [_thread_blocked, id=27904, stack(0x0000007d5cf00000,0x0000007d5d000000) (1024K)]
  0x000002436aa2e550 JavaThread "Attach Listener"            daemon [_thread_blocked, id=16096, stack(0x0000007d5d000000,0x0000007d5d100000) (1024K)]
  0x000002436aa2f1b0 JavaThread "Service Thread"             daemon [_thread_blocked, id=17168, stack(0x0000007d5d100000,0x0000007d5d200000) (1024K)]
  0x000002436aa30030 JavaThread "Monitor Deflation Thread"   daemon [_thread_blocked, id=29864, stack(0x0000007d5d200000,0x0000007d5d300000) (1024K)]
  0x000002436aa32ea0 JavaThread "C2 CompilerThread0"         daemon [_thread_blocked, id=24956, stack(0x0000007d5d300000,0x0000007d5d400000) (1024K)]
  0x000002436aa33b50 JavaThread "C1 CompilerThread0"         daemon [_thread_blocked, id=8960, stack(0x0000007d5d400000,0x0000007d5d500000) (1024K)]
  0x000002434112b760 JavaThread "Notification Thread"        daemon [_thread_blocked, id=10648, stack(0x0000007d5d500000,0x0000007d5d600000) (1024K)]
  0x00000243411346e0 JavaThread "Common-Cleaner"             daemon [_thread_blocked, id=8072, stack(0x0000007d5d600000,0x0000007d5d700000) (1024K)]
  0x00000243413fe200 JavaThread "Java2D Disposer"            daemon [_thread_blocked, id=29968, stack(0x0000007d5d700000,0x0000007d5d800000) (1024K)]
  0x0000024341999830 JavaThread "AWT-Shutdown"                      [_thread_blocked, id=28412, stack(0x0000007d5d800000,0x0000007d5d900000) (1024K)]
  0x0000024341178520 JavaThread "AWT-EventQueue-0"                  [_thread_blocked, id=16116, stack(0x0000007d5dd00000,0x0000007d5de00000) (1024K)]
  0x0000024343f522e0 JavaThread "DestroyJavaVM"                     [_thread_blocked, id=30036, stack(0x0000007d5c500000,0x0000007d5c600000) (1024K)]
  0x0000024342870e30 JavaThread "TimerQueue"                 daemon [_thread_blocked, id=10312, stack(0x0000007d5e400000,0x0000007d5e500000) (1024K)]
Total: 15

Other Threads:
=>0x000002436aa12100 VMThread "VM Thread"                           [id=2056, stack(0x0000007d5cc00000,0x0000007d5cd00000) (1024K)]
  0x0000024346473120 WorkerThread "GC Thread#0"                     [id=30648, stack(0x0000007d5c600000,0x0000007d5c700000) (1024K)]
  0x00000243464887b0 ConcurrentGCThread "G1 Main Marker"            terminated
  0x00000243464891d0 WorkerThread "G1 Conc#0"                       [id=27440, stack(0x0000007d5c800000,0x0000007d5c900000) (1024K)]
  0x000002436a93d870 ConcurrentGCThread "G1 Refine#0"               terminated
  0x000002436a93f1b0 ConcurrentGCThread "G1 Service"                terminated
Total: 6

Threads with active compile tasks:
Total: 0

VM state: at safepoint (shutting down)

VM Mutex/Monitor currently owned by a thread:  ([mutex/lock_event])
[0x00007ff8fa1e44c0] Threads_lock - owner thread: 0x000002436aa12100
[0x00007ff8fa1e45c0] Heap_lock - owner thread: 0x0000024341178520

Heap address: 0x000000060d400000, size: 7980 MB, Compressed Oops mode: Zero based, Oop shift amount: 3

CDS archive(s) mapped at: [0x0000024300000000-0x0000024300d40000-0x0000024300d40000), size 13893632, SharedBaseAddress: 0x0000024300000000, ArchiveRelocationMode: 1.
Compressed class space mapped at: 0x0000024301000000-0x0000024341000000, reserved size: 1073741824
UseCompressedClassPointers 1, UseCompactObjectHeaders 0
Narrow klass pointer bits 32, Max shift 3
Narrow klass base: 0x0000024300000000, Narrow klass shift: 0
Encoding Range: [0x0000024300000000 - 0x0000024400000000), (4294967296 bytes)
Klass Range:    [0x0000024300000000 - 0x0000024341000000), (1090519040 bytes)
Klass ID Range:  [8 - 1090519033) (1090519025)

GC Precious Log:
 CardTable entry size: 512
 Card Set container configuration: InlinePtr #cards 4 size 8 Array Of Cards #cards 32 size 80 Howl #buckets 8 coarsen threshold 7372 Howl Bitmap #cards 1024 size 144 coarsen threshold 921 Card regions per heap region 1 cards per card region 8192
 CPUs: 24 total, 24 available
 Memory: 31911M
 Large Page Support: Disabled
 NUMA Support: Disabled
 Compressed Oops: Enabled (Zero based)
 Heap Region Size: 4M
 Heap Min Capacity: 8M
 Heap Initial Capacity: 500M
 Heap Max Capacity: 7980M
 Pre-touch: Disabled
 Parallel Workers: 18
 Concurrent Workers: 5
 Concurrent Refinement Workers: 18
 Periodic GC: Disabled

Heap:
 garbage-first heap   total reserved 8171520K, committed 516096K, used 17524K [0x000000060d400000, 0x0000000800000000)
  region size 4096K, 5 young (20480K), 0 survivors (0K)
 Metaspace       used 8622K, committed 8768K, reserved 1114112K
  class space    used 764K, committed 832K, reserved 1048576K

Heap Regions: E=young(eden), S=young(survivor), O=old, HS=humongous(starts), HC=humongous(continues), CS=collection set, F=free, TAMS=top-at-mark-start, PB=parsable bottom
|   0|0x000000060d400000, 0x000000060d400000, 0x000000060d800000|  0%| F|  |TAMS 0x000000060d400000| PB 0x000000060d400000| Untracked |  0
|   1|0x000000060d800000, 0x000000060d800000, 0x000000060dc00000|  0%| F|  |TAMS 0x000000060d800000| PB 0x000000060d800000| Untracked |  0
|   2|0x000000060dc00000, 0x000000060dc00000, 0x000000060e000000|  0%| F|  |TAMS 0x000000060dc00000| PB 0x000000060dc00000| Untracked |  0
|   3|0x000000060e000000, 0x000000060e000000, 0x000000060e400000|  0%| F|  |TAMS 0x000000060e000000| PB 0x000000060e000000| Untracked |  0
|   4|0x000000060e400000, 0x000000060e400000, 0x000000060e800000|  0%| F|  |TAMS 0x000000060e400000| PB 0x000000060e400000| Untracked |  0
|   5|0x000000060e800000, 0x000000060e800000, 0x000000060ec00000|  0%| F|  |TAMS 0x000000060e800000| PB 0x000000060e800000| Untracked |  0
|   6|0x000000060ec00000, 0x000000060ec00000, 0x000000060f000000|  0%| F|  |TAMS 0x000000060ec00000| PB 0x000000060ec00000| Untracked |  0
|   7|0x000000060f000000, 0x000000060f000000, 0x000000060f400000|  0%| F|  |TAMS 0x000000060f000000| PB 0x000000060f000000| Untracked |  0
|   8|0x000000060f400000, 0x000000060f400000, 0x000000060f800000|  0%| F|  |TAMS 0x000000060f400000| PB 0x000000060f400000| Untracked |  0
|   9|0x000000060f800000, 0x000000060f800000, 0x000000060fc00000|  0%| F|  |TAMS 0x000000060f800000| PB 0x000000060f800000| Untracked |  0
|  10|0x000000060fc00000, 0x000000060fc00000, 0x0000000610000000|  0%| F|  |TAMS 0x000000060fc00000| PB 0x000000060fc00000| Untracked |  0
|  11|0x0000000610000000, 0x0000000610000000, 0x0000000610400000|  0%| F|  |TAMS 0x0000000610000000| PB 0x0000000610000000| Untracked |  0
|  12|0x0000000610400000, 0x0000000610400000, 0x0000000610800000|  0%| F|  |TAMS 0x0000000610400000| PB 0x0000000610400000| Untracked |  0
|  13|0x0000000610800000, 0x0000000610800000, 0x0000000610c00000|  0%| F|  |TAMS 0x0000000610800000| PB 0x0000000610800000| Untracked |  0
|  14|0x0000000610c00000, 0x0000000610c00000, 0x0000000611000000|  0%| F|  |TAMS 0x0000000610c00000| PB 0x0000000610c00000| Untracked |  0
|  15|0x0000000611000000, 0x0000000611000000, 0x0000000611400000|  0%| F|  |TAMS 0x0000000611000000| PB 0x0000000611000000| Untracked |  0
|  16|0x0000000611400000, 0x0000000611400000, 0x0000000611800000|  0%| F|  |TAMS 0x0000000611400000| PB 0x0000000611400000| Untracked |  0
|  17|0x0000000611800000, 0x0000000611800000, 0x0000000611c00000|  0%| F|  |TAMS 0x0000000611800000| PB 0x0000000611800000| Untracked |  0
|  18|0x0000000611c00000, 0x0000000611c00000, 0x0000000612000000|  0%| F|  |TAMS 0x0000000611c00000| PB 0x0000000611c00000| Untracked |  0
|  19|0x0000000612000000, 0x0000000612000000, 0x0000000612400000|  0%| F|  |TAMS 0x0000000612000000| PB 0x0000000612000000| Untracked |  0
|  20|0x0000000612400000, 0x0000000612400000, 0x0000000612800000|  0%| F|  |TAMS 0x0000000612400000| PB 0x0000000612400000| Untracked |  0
|  21|0x0000000612800000, 0x0000000612800000, 0x0000000612c00000|  0%| F|  |TAMS 0x0000000612800000| PB 0x0000000612800000| Untracked |  0
|  22|0x0000000612c00000, 0x0000000612c00000, 0x0000000613000000|  0%| F|  |TAMS 0x0000000612c00000| PB 0x0000000612c00000| Untracked |  0
|  23|0x0000000613000000, 0x0000000613000000, 0x0000000613400000|  0%| F|  |TAMS 0x0000000613000000| PB 0x0000000613000000| Untracked |  0
|  24|0x0000000613400000, 0x0000000613400000, 0x0000000613800000|  0%| F|  |TAMS 0x0000000613400000| PB 0x0000000613400000| Untracked |  0
|  25|0x0000000613800000, 0x0000000613800000, 0x0000000613c00000|  0%| F|  |TAMS 0x0000000613800000| PB 0x0000000613800000| Untracked |  0
|  26|0x0000000613c00000, 0x0000000613c00000, 0x0000000614000000|  0%| F|  |TAMS 0x0000000613c00000| PB 0x0000000613c00000| Untracked |  0
|  27|0x0000000614000000, 0x0000000614000000, 0x0000000614400000|  0%| F|  |TAMS 0x0000000614000000| PB 0x0000000614000000| Untracked |  0
|  28|0x0000000614400000, 0x0000000614400000, 0x0000000614800000|  0%| F|  |TAMS 0x0000000614400000| PB 0x0000000614400000| Untracked |  0
|  29|0x0000000614800000, 0x0000000614800000, 0x0000000614c00000|  0%| F|  |TAMS 0x0000000614800000| PB 0x0000000614800000| Untracked |  0
|  30|0x0000000614c00000, 0x0000000614c00000, 0x0000000615000000|  0%| F|  |TAMS 0x0000000614c00000| PB 0x0000000614c00000| Untracked |  0
|  31|0x0000000615000000, 0x0000000615000000, 0x0000000615400000|  0%| F|  |TAMS 0x0000000615000000| PB 0x0000000615000000| Untracked |  0
|  32|0x0000000615400000, 0x0000000615400000, 0x0000000615800000|  0%| F|  |TAMS 0x0000000615400000| PB 0x0000000615400000| Untracked |  0
|  33|0x0000000615800000, 0x0000000615800000, 0x0000000615c00000|  0%| F|  |TAMS 0x0000000615800000| PB 0x0000000615800000| Untracked |  0
|  34|0x0000000615c00000, 0x0000000615c00000, 0x0000000616000000|  0%| F|  |TAMS 0x0000000615c00000| PB 0x0000000615c00000| Untracked |  0
|  35|0x0000000616000000, 0x0000000616000000, 0x0000000616400000|  0%| F|  |TAMS 0x0000000616000000| PB 0x0000000616000000| Untracked |  0
|  36|0x0000000616400000, 0x0000000616400000, 0x0000000616800000|  0%| F|  |TAMS 0x0000000616400000| PB 0x0000000616400000| Untracked |  0
|  37|0x0000000616800000, 0x0000000616800000, 0x0000000616c00000|  0%| F|  |TAMS 0x0000000616800000| PB 0x0000000616800000| Untracked |  0
|  38|0x0000000616c00000, 0x0000000616c00000, 0x0000000617000000|  0%| F|  |TAMS 0x0000000616c00000| PB 0x0000000616c00000| Untracked |  0
|  39|0x0000000617000000, 0x0000000617000000, 0x0000000617400000|  0%| F|  |TAMS 0x0000000617000000| PB 0x0000000617000000| Untracked |  0
|  40|0x0000000617400000, 0x0000000617400000, 0x0000000617800000|  0%| F|  |TAMS 0x0000000617400000| PB 0x0000000617400000| Untracked |  0
|  41|0x0000000617800000, 0x0000000617800000, 0x0000000617c00000|  0%| F|  |TAMS 0x0000000617800000| PB 0x0000000617800000| Untracked |  0
|  42|0x0000000617c00000, 0x0000000617c00000, 0x0000000618000000|  0%| F|  |TAMS 0x0000000617c00000| PB 0x0000000617c00000| Untracked |  0
|  43|0x0000000618000000, 0x0000000618000000, 0x0000000618400000|  0%| F|  |TAMS 0x0000000618000000| PB 0x0000000618000000| Untracked |  0
|  44|0x0000000618400000, 0x0000000618400000, 0x0000000618800000|  0%| F|  |TAMS 0x0000000618400000| PB 0x0000000618400000| Untracked |  0
|  45|0x0000000618800000, 0x0000000618800000, 0x0000000618c00000|  0%| F|  |TAMS 0x0000000618800000| PB 0x0000000618800000| Untracked |  0
|  46|0x0000000618c00000, 0x0000000618c00000, 0x0000000619000000|  0%| F|  |TAMS 0x0000000618c00000| PB 0x0000000618c00000| Untracked |  0
|  47|0x0000000619000000, 0x0000000619000000, 0x0000000619400000|  0%| F|  |TAMS 0x0000000619000000| PB 0x0000000619000000| Untracked |  0
|  48|0x0000000619400000, 0x0000000619400000, 0x0000000619800000|  0%| F|  |TAMS 0x0000000619400000| PB 0x0000000619400000| Untracked |  0
|  49|0x0000000619800000, 0x0000000619800000, 0x0000000619c00000|  0%| F|  |TAMS 0x0000000619800000| PB 0x0000000619800000| Untracked |  0
|  50|0x0000000619c00000, 0x0000000619c00000, 0x000000061a000000|  0%| F|  |TAMS 0x0000000619c00000| PB 0x0000000619c00000| Untracked |  0
|  51|0x000000061a000000, 0x000000061a000000, 0x000000061a400000|  0%| F|  |TAMS 0x000000061a000000| PB 0x000000061a000000| Untracked |  0
|  52|0x000000061a400000, 0x000000061a400000, 0x000000061a800000|  0%| F|  |TAMS 0x000000061a400000| PB 0x000000061a400000| Untracked |  0
|  53|0x000000061a800000, 0x000000061a800000, 0x000000061ac00000|  0%| F|  |TAMS 0x000000061a800000| PB 0x000000061a800000| Untracked |  0
|  54|0x000000061ac00000, 0x000000061ac00000, 0x000000061b000000|  0%| F|  |TAMS 0x000000061ac00000| PB 0x000000061ac00000| Untracked |  0
|  55|0x000000061b000000, 0x000000061b000000, 0x000000061b400000|  0%| F|  |TAMS 0x000000061b000000| PB 0x000000061b000000| Untracked |  0
|  56|0x000000061b400000, 0x000000061b400000, 0x000000061b800000|  0%| F|  |TAMS 0x000000061b400000| PB 0x000000061b400000| Untracked |  0
|  57|0x000000061b800000, 0x000000061b800000, 0x000000061bc00000|  0%| F|  |TAMS 0x000000061b800000| PB 0x000000061b800000| Untracked |  0
|  58|0x000000061bc00000, 0x000000061bc00000, 0x000000061c000000|  0%| F|  |TAMS 0x000000061bc00000| PB 0x000000061bc00000| Untracked |  0
|  59|0x000000061c000000, 0x000000061c000000, 0x000000061c400000|  0%| F|  |TAMS 0x000000061c000000| PB 0x000000061c000000| Untracked |  0
|  60|0x000000061c400000, 0x000000061c400000, 0x000000061c800000|  0%| F|  |TAMS 0x000000061c400000| PB 0x000000061c400000| Untracked |  0
|  61|0x000000061c800000, 0x000000061c800000, 0x000000061cc00000|  0%| F|  |TAMS 0x000000061c800000| PB 0x000000061c800000| Untracked |  0
|  62|0x000000061cc00000, 0x000000061cc00000, 0x000000061d000000|  0%| F|  |TAMS 0x000000061cc00000| PB 0x000000061cc00000| Untracked |  0
|  63|0x000000061d000000, 0x000000061d000000, 0x000000061d400000|  0%| F|  |TAMS 0x000000061d000000| PB 0x000000061d000000| Untracked |  0
|  64|0x000000061d400000, 0x000000061d400000, 0x000000061d800000|  0%| F|  |TAMS 0x000000061d400000| PB 0x000000061d400000| Untracked |  0
|  65|0x000000061d800000, 0x000000061d800000, 0x000000061dc00000|  0%| F|  |TAMS 0x000000061d800000| PB 0x000000061d800000| Untracked |  0
|  66|0x000000061dc00000, 0x000000061dc00000, 0x000000061e000000|  0%| F|  |TAMS 0x000000061dc00000| PB 0x000000061dc00000| Untracked |  0
|  67|0x000000061e000000, 0x000000061e000000, 0x000000061e400000|  0%| F|  |TAMS 0x000000061e000000| PB 0x000000061e000000| Untracked |  0
|  68|0x000000061e400000, 0x000000061e400000, 0x000000061e800000|  0%| F|  |TAMS 0x000000061e400000| PB 0x000000061e400000| Untracked |  0
|  69|0x000000061e800000, 0x000000061e800000, 0x000000061ec00000|  0%| F|  |TAMS 0x000000061e800000| PB 0x000000061e800000| Untracked |  0
|  70|0x000000061ec00000, 0x000000061ec00000, 0x000000061f000000|  0%| F|  |TAMS 0x000000061ec00000| PB 0x000000061ec00000| Untracked |  0
|  71|0x000000061f000000, 0x000000061f000000, 0x000000061f400000|  0%| F|  |TAMS 0x000000061f000000| PB 0x000000061f000000| Untracked |  0
|  72|0x000000061f400000, 0x000000061f400000, 0x000000061f800000|  0%| F|  |TAMS 0x000000061f400000| PB 0x000000061f400000| Untracked |  0
|  73|0x000000061f800000, 0x000000061f800000, 0x000000061fc00000|  0%| F|  |TAMS 0x000000061f800000| PB 0x000000061f800000| Untracked |  0
|  74|0x000000061fc00000, 0x000000061fc00000, 0x0000000620000000|  0%| F|  |TAMS 0x000000061fc00000| PB 0x000000061fc00000| Untracked |  0
|  75|0x0000000620000000, 0x0000000620000000, 0x0000000620400000|  0%| F|  |TAMS 0x0000000620000000| PB 0x0000000620000000| Untracked |  0
|  76|0x0000000620400000, 0x0000000620400000, 0x0000000620800000|  0%| F|  |TAMS 0x0000000620400000| PB 0x0000000620400000| Untracked |  0
|  77|0x0000000620800000, 0x0000000620800000, 0x0000000620c00000|  0%| F|  |TAMS 0x0000000620800000| PB 0x0000000620800000| Untracked |  0
|  78|0x0000000620c00000, 0x0000000620c00000, 0x0000000621000000|  0%| F|  |TAMS 0x0000000620c00000| PB 0x0000000620c00000| Untracked |  0
|  79|0x0000000621000000, 0x0000000621000000, 0x0000000621400000|  0%| F|  |TAMS 0x0000000621000000| PB 0x0000000621000000| Untracked |  0
|  80|0x0000000621400000, 0x0000000621400000, 0x0000000621800000|  0%| F|  |TAMS 0x0000000621400000| PB 0x0000000621400000| Untracked |  0
|  81|0x0000000621800000, 0x0000000621800000, 0x0000000621c00000|  0%| F|  |TAMS 0x0000000621800000| PB 0x0000000621800000| Untracked |  0
|  82|0x0000000621c00000, 0x0000000621c00000, 0x0000000622000000|  0%| F|  |TAMS 0x0000000621c00000| PB 0x0000000621c00000| Untracked |  0
|  83|0x0000000622000000, 0x0000000622000000, 0x0000000622400000|  0%| F|  |TAMS 0x0000000622000000| PB 0x0000000622000000| Untracked |  0
|  84|0x0000000622400000, 0x0000000622400000, 0x0000000622800000|  0%| F|  |TAMS 0x0000000622400000| PB 0x0000000622400000| Untracked |  0
|  85|0x0000000622800000, 0x0000000622800000, 0x0000000622c00000|  0%| F|  |TAMS 0x0000000622800000| PB 0x0000000622800000| Untracked |  0
|  86|0x0000000622c00000, 0x0000000622c00000, 0x0000000623000000|  0%| F|  |TAMS 0x0000000622c00000| PB 0x0000000622c00000| Untracked |  0
|  87|0x0000000623000000, 0x0000000623000000, 0x0000000623400000|  0%| F|  |TAMS 0x0000000623000000| PB 0x0000000623000000| Untracked |  0
|  88|0x0000000623400000, 0x0000000623400000, 0x0000000623800000|  0%| F|  |TAMS 0x0000000623400000| PB 0x0000000623400000| Untracked |  0
|  89|0x0000000623800000, 0x0000000623800000, 0x0000000623c00000|  0%| F|  |TAMS 0x0000000623800000| PB 0x0000000623800000| Untracked |  0
|  90|0x0000000623c00000, 0x0000000623c00000, 0x0000000624000000|  0%| F|  |TAMS 0x0000000623c00000| PB 0x0000000623c00000| Untracked |  0
|  91|0x0000000624000000, 0x0000000624000000, 0x0000000624400000|  0%| F|  |TAMS 0x0000000624000000| PB 0x0000000624000000| Untracked |  0
|  92|0x0000000624400000, 0x0000000624400000, 0x0000000624800000|  0%| F|  |TAMS 0x0000000624400000| PB 0x0000000624400000| Untracked |  0
|  93|0x0000000624800000, 0x0000000624800000, 0x0000000624c00000|  0%| F|  |TAMS 0x0000000624800000| PB 0x0000000624800000| Untracked |  0
|  94|0x0000000624c00000, 0x0000000624c00000, 0x0000000625000000|  0%| F|  |TAMS 0x0000000624c00000| PB 0x0000000624c00000| Untracked |  0
|  95|0x0000000625000000, 0x0000000625000000, 0x0000000625400000|  0%| F|  |TAMS 0x0000000625000000| PB 0x0000000625000000| Untracked |  0
|  96|0x0000000625400000, 0x0000000625400000, 0x0000000625800000|  0%| F|  |TAMS 0x0000000625400000| PB 0x0000000625400000| Untracked |  0
|  97|0x0000000625800000, 0x0000000625800000, 0x0000000625c00000|  0%| F|  |TAMS 0x0000000625800000| PB 0x0000000625800000| Untracked |  0
|  98|0x0000000625c00000, 0x0000000625c00000, 0x0000000626000000|  0%| F|  |TAMS 0x0000000625c00000| PB 0x0000000625c00000| Untracked |  0
|  99|0x0000000626000000, 0x0000000626000000, 0x0000000626400000|  0%| F|  |TAMS 0x0000000626000000| PB 0x0000000626000000| Untracked |  0
| 100|0x0000000626400000, 0x0000000626400000, 0x0000000626800000|  0%| F|  |TAMS 0x0000000626400000| PB 0x0000000626400000| Untracked |  0
| 101|0x0000000626800000, 0x0000000626800000, 0x0000000626c00000|  0%| F|  |TAMS 0x0000000626800000| PB 0x0000000626800000| Untracked |  0
| 102|0x0000000626c00000, 0x0000000626c00000, 0x0000000627000000|  0%| F|  |TAMS 0x0000000626c00000| PB 0x0000000626c00000| Untracked |  0
| 103|0x0000000627000000, 0x0000000627000000, 0x0000000627400000|  0%| F|  |TAMS 0x0000000627000000| PB 0x0000000627000000| Untracked |  0
| 104|0x0000000627400000, 0x0000000627400000, 0x0000000627800000|  0%| F|  |TAMS 0x0000000627400000| PB 0x0000000627400000| Untracked |  0
| 105|0x0000000627800000, 0x0000000627800000, 0x0000000627c00000|  0%| F|  |TAMS 0x0000000627800000| PB 0x0000000627800000| Untracked |  0
| 106|0x0000000627c00000, 0x0000000627c00000, 0x0000000628000000|  0%| F|  |TAMS 0x0000000627c00000| PB 0x0000000627c00000| Untracked |  0
| 107|0x0000000628000000, 0x0000000628000000, 0x0000000628400000|  0%| F|  |TAMS 0x0000000628000000| PB 0x0000000628000000| Untracked |  0
| 108|0x0000000628400000, 0x0000000628400000, 0x0000000628800000|  0%| F|  |TAMS 0x0000000628400000| PB 0x0000000628400000| Untracked |  0
| 109|0x0000000628800000, 0x0000000628800000, 0x0000000628c00000|  0%| F|  |TAMS 0x0000000628800000| PB 0x0000000628800000| Untracked |  0
| 110|0x0000000628c00000, 0x0000000628c00000, 0x0000000629000000|  0%| F|  |TAMS 0x0000000628c00000| PB 0x0000000628c00000| Untracked |  0
| 111|0x0000000629000000, 0x0000000629000000, 0x0000000629400000|  0%| F|  |TAMS 0x0000000629000000| PB 0x0000000629000000| Untracked |  0
| 112|0x0000000629400000, 0x0000000629400000, 0x0000000629800000|  0%| F|  |TAMS 0x0000000629400000| PB 0x0000000629400000| Untracked |  0
| 113|0x0000000629800000, 0x0000000629800000, 0x0000000629c00000|  0%| F|  |TAMS 0x0000000629800000| PB 0x0000000629800000| Untracked |  0
| 114|0x0000000629c00000, 0x0000000629c00000, 0x000000062a000000|  0%| F|  |TAMS 0x0000000629c00000| PB 0x0000000629c00000| Untracked |  0
| 115|0x000000062a000000, 0x000000062a000000, 0x000000062a400000|  0%| F|  |TAMS 0x000000062a000000| PB 0x000000062a000000| Untracked |  0
| 116|0x000000062a400000, 0x000000062a400000, 0x000000062a800000|  0%| F|  |TAMS 0x000000062a400000| PB 0x000000062a400000| Untracked |  0
| 117|0x000000062a800000, 0x000000062a800000, 0x000000062ac00000|  0%| F|  |TAMS 0x000000062a800000| PB 0x000000062a800000| Untracked |  0
| 118|0x000000062ac00000, 0x000000062ac00000, 0x000000062b000000|  0%| F|  |TAMS 0x000000062ac00000| PB 0x000000062ac00000| Untracked |  0
| 119|0x000000062b000000, 0x000000062b000000, 0x000000062b400000|  0%| F|  |TAMS 0x000000062b000000| PB 0x000000062b000000| Untracked |  0
| 120|0x000000062b400000, 0x000000062b5eb888, 0x000000062b800000| 48%| E|  |TAMS 0x000000062b400000| PB 0x000000062b400000| Complete |  0
| 121|0x000000062b800000, 0x000000062bc00000, 0x000000062bc00000|100%| E|CS|TAMS 0x000000062b800000| PB 0x000000062b800000| Complete |  0
| 122|0x000000062bc00000, 0x000000062c000000, 0x000000062c000000|100%| E|CS|TAMS 0x000000062bc00000| PB 0x000000062bc00000| Complete |  0
| 123|0x000000062c000000, 0x000000062c400000, 0x000000062c400000|100%| E|CS|TAMS 0x000000062c000000| PB 0x000000062c000000| Complete |  0
| 124|0x000000062c400000, 0x000000062c800000, 0x000000062c800000|100%| E|CS|TAMS 0x000000062c400000| PB 0x000000062c400000| Complete |  0
|1994|0x00000007ffc00000, 0x00000007ffd1d3c0, 0x0000000800000000| 27%| O|  |TAMS 0x00000007ffc00000| PB 0x00000007ffc00000| Untracked |  0

Card table byte_map: [0x000002435f9e0000,0x0000024360980000] _byte_map_base: 0x000002435c976000

Marking Bits: (CMBitMap*) 0x0000024346473740
 Bits: [0x0000024360980000, 0x0000024368630000)

Polling page: 0x0000024344250000

Metaspace:

Usage:
  Non-class:      7.67 MB used.
      Class:    764.38 KB used.
       Both:      8.42 MB used.

Virtual space:
  Non-class space:       64.00 MB reserved,       7.75 MB ( 12%) committed,  1 nodes.
      Class space:        1.00 GB reserved,     832.00 KB ( <1%) committed,  1 nodes.
             Both:        1.06 GB reserved,       8.56 MB ( <1%) committed. 

Chunk freelists:
   Non-Class:  8.19 MB
       Class:  15.20 MB
        Both:  23.40 MB

MaxMetaspaceSize: unlimited
CompressedClassSpaceSize: 1.00 GB
Initial GC threshold: 21.00 MB
Current GC threshold: 21.00 MB
CDS: on
 - commit_granule_bytes: 65536.
 - commit_granule_words: 8192.
 - virtual_space_node_default_size: 8388608.
 - enlarge_chunks_in_place: 1.
UseCompressedClassPointers 1, UseCompactObjectHeaders 0
Narrow klass pointer bits 32, Max shift 3
Narrow klass base: 0x0000024300000000, Narrow klass shift: 0
Encoding Range: [0x0000024300000000 - 0x0000024400000000), (4294967296 bytes)
Klass Range:    [0x0000024300000000 - 0x0000024341000000), (1090519040 bytes)
Klass ID Range:  [8 - 1090519033) (1090519025)


Internal statistics:

num_allocs_failed_limit: 0.
num_arena_births: 150.
num_arena_deaths: 0.
num_vsnodes_births: 2.
num_vsnodes_deaths: 0.
num_space_committed: 137.
num_space_uncommitted: 0.
num_chunks_returned_to_freelist: 0.
num_chunks_taken_from_freelist: 201.
num_chunk_merges: 0.
num_chunk_splits: 117.
num_chunks_enlarged: 46.
num_inconsistent_stats: 0.

CodeHeap 'non-profiled nmethods': size=119232Kb used=383Kb max_used=383Kb free=118848Kb
 bounds [0x0000024356800000, 0x0000024356a70000, 0x000002435dc70000]
CodeHeap 'profiled nmethods': size=119104Kb used=2205Kb max_used=2205Kb free=116899Kb
 bounds [0x000002434ec70000, 0x000002434eee0000, 0x00000243560c0000]
CodeHeap 'non-nmethods': size=7424Kb used=1627Kb max_used=3327Kb free=5796Kb
 bounds [0x00000243560c0000, 0x0000024356410000, 0x0000024356800000]
CodeCache: size=245760Kb, used=4215Kb, max_used=5915Kb, free=241543Kb
 total_blobs=2013, nmethods=1370, adapters=549, full_count=0
Compilation: enabled, stopped_count=0, restarted_count=0

Compilation events (20 events):
Event: 16.148 Thread 0x000002436aa32ea0 1361       4       java.awt.Container::getMouseEventTarget (50 bytes)
Event: 16.159 Thread 0x000002436aa33b50 1362       3       java.awt.Component::getGraphics (124 bytes)
Event: 16.159 Thread 0x000002436aa33b50 nmethod 1362 0x000002434ee93e08 code [0x000002434ee94000, 0x000002434ee94c00]
Event: 16.161 Thread 0x000002436aa32ea0 nmethod 1361 0x000002435685dc08 code [0x000002435685de60, 0x000002435685f368]
Event: 16.214 Thread 0x000002436aa32ea0 1363       4       java.awt.Component::contains (7 bytes)
Event: 16.215 Thread 0x000002436aa32ea0 nmethod 1363 0x000002435685f408 code [0x000002435685f500, 0x000002435685f5b0]
Event: 16.809 Thread 0x000002436aa32ea0 1364       4       java.util.concurrent.locks.ReentrantLock$Sync::isHeldExclusively (16 bytes)
Event: 16.809 Thread 0x000002436aa32ea0 nmethod 1364 0x000002435685f708 code [0x000002435685f800, 0x000002435685f8b0]
Event: 17.081 Thread 0x000002436aa33b50 1365       3       sun.java2d.pipe.ValidatePipe::validate (6 bytes)
Event: 17.082 Thread 0x000002436aa33b50 nmethod 1365 0x000002434ee94c88 code [0x000002434ee94de0, 0x000002434ee95238]
Event: 17.082 Thread 0x000002436aa33b50 1366       3       sun.java2d.SunGraphics2D::validatePipe (30 bytes)
Event: 17.082 Thread 0x000002436aa33b50 nmethod 1366 0x000002434ee95288 code [0x000002434ee953c0, 0x000002434ee95738]
Event: 17.082 Thread 0x000002436aa33b50 1367       3       sun.java2d.d3d.D3DSurfaceData::validatePipe (385 bytes)
Event: 17.083 Thread 0x000002436aa33b50 nmethod 1367 0x000002434ee95788 code [0x000002434ee95a00, 0x000002434ee96d88]
Event: 17.083 Thread 0x000002436aa33b50 1368       1       sun.awt.SunHints$Value::getIndex (5 bytes)
Event: 17.083 Thread 0x000002436aa33b50 nmethod 1368 0x000002435685fa08 code [0x000002435685fb00, 0x000002435685fbc8]
Event: 17.582 Thread 0x000002436aa33b50 1369       3       sun.awt.image.SunVolatileImage::getWidth (5 bytes)
Event: 17.582 Thread 0x000002436aa33b50 nmethod 1369 0x000002434ee96e08 code [0x000002434ee96f20, 0x000002434ee97050]
Event: 17.582 Thread 0x000002436aa33b50 1370       3       sun.awt.image.SunVolatileImage::getHeight (5 bytes)
Event: 17.582 Thread 0x000002436aa33b50 nmethod 1370 0x000002434ee97108 code [0x000002434ee97220, 0x000002434ee97350]

GC Heap History (0 events):
No events

Dll operation events (8 events):
Event: 0.005 Loaded shared library C:\Program Files\Java\jdk-24\bin\java.dll
Event: 0.017 Loaded shared library C:\Program Files\Java\jdk-24\bin\jsvml.dll
Event: 0.027 Loaded shared library C:\Program Files\Java\jdk-24\bin\jimage.dll
Event: 0.043 Loaded shared library C:\Program Files\Java\jdk-24\bin\awt.dll
Event: 0.231 Loaded shared library C:\Program Files\Java\jdk-24\bin\freetype.dll
Event: 0.233 Loaded shared library C:\Program Files\Java\jdk-24\bin\fontmanager.dll
Event: 0.293 Loaded shared library C:\Program Files\Java\jdk-24\bin\net.dll
Event: 0.294 Loaded shared library C:\Program Files\Java\jdk-24\bin\nio.dll

Deoptimization events (20 events):
Event: 2.544 Thread 0x0000024341178520 Uncommon trap: trap_request=0xffffff4d fr.pc=0x000002435683e7e0 relative=0x00000000000000c0
Event: 2.544 Thread 0x0000024341178520 Uncommon trap: reason=unstable_if action=reinterpret pc=0x000002435683e7e0 method=java.awt.Component.inside(II)Z @ 21 c2
Event: 2.544 Thread 0x0000024341178520 DEOPT PACKING pc=0x000002435683e7e0 sp=0x0000007d5ddfe8d0
Event: 2.544 Thread 0x0000024341178520 DEOPT UNPACKING pc=0x00000243561e6d02 sp=0x0000007d5ddfe768 mode 2
Event: 4.432 Thread 0x0000024341178520 Uncommon trap: trap_request=0xffffffde fr.pc=0x000002435682735c relative=0x00000000000001dc
Event: 4.432 Thread 0x0000024341178520 Uncommon trap: reason=class_check action=maybe_recompile pc=0x000002435682735c method=java.lang.String.equals(Ljava/lang/Object;)Z @ 8 c2
Event: 4.432 Thread 0x0000024341178520 DEOPT PACKING pc=0x000002435682735c sp=0x0000007d5ddfe160
Event: 4.432 Thread 0x0000024341178520 DEOPT UNPACKING pc=0x00000243561e6d02 sp=0x0000007d5ddfe0f8 mode 2
Event: 4.432 Thread 0x0000024341178520 Uncommon trap: trap_request=0xffffffde fr.pc=0x000002435682735c relative=0x00000000000001dc
Event: 4.432 Thread 0x0000024341178520 Uncommon trap: reason=class_check action=maybe_recompile pc=0x000002435682735c method=java.lang.String.equals(Ljava/lang/Object;)Z @ 8 c2
Event: 4.432 Thread 0x0000024341178520 DEOPT PACKING pc=0x000002435682735c sp=0x0000007d5ddfe160
Event: 4.432 Thread 0x0000024341178520 DEOPT UNPACKING pc=0x00000243561e6d02 sp=0x0000007d5ddfe0f8 mode 2
Event: 4.975 Thread 0x0000024341178520 Uncommon trap: trap_request=0xffffffde fr.pc=0x000002435682735c relative=0x00000000000001dc
Event: 4.975 Thread 0x0000024341178520 Uncommon trap: reason=class_check action=maybe_recompile pc=0x000002435682735c method=java.lang.String.equals(Ljava/lang/Object;)Z @ 8 c2
Event: 4.975 Thread 0x0000024341178520 DEOPT PACKING pc=0x000002435682735c sp=0x0000007d5ddfe160
Event: 4.975 Thread 0x0000024341178520 DEOPT UNPACKING pc=0x00000243561e6d02 sp=0x0000007d5ddfe0f8 mode 2
Event: 4.975 Thread 0x0000024341178520 Uncommon trap: trap_request=0xffffffde fr.pc=0x000002435682735c relative=0x00000000000001dc
Event: 4.975 Thread 0x0000024341178520 Uncommon trap: reason=class_check action=maybe_recompile pc=0x000002435682735c method=java.lang.String.equals(Ljava/lang/Object;)Z @ 8 c2
Event: 4.975 Thread 0x0000024341178520 DEOPT PACKING pc=0x000002435682735c sp=0x0000007d5ddfe160
Event: 4.975 Thread 0x0000024341178520 DEOPT UNPACKING pc=0x00000243561e6d02 sp=0x0000007d5ddfe0f8 mode 2

Classes loaded (20 events):
Event: 4.434 Loading class javax/swing/JLayer
Event: 4.434 Loading class javax/swing/JLayer done
Event: 4.434 Loading class javax/swing/JViewport
Event: 4.434 Loading class javax/swing/JViewport done
Event: 4.434 Loading class javax/swing/text/AbstractDocument$UndoRedoDocumentEvent
Event: 4.434 Loading class javax/swing/text/AbstractDocument$UndoRedoDocumentEvent done
Event: 4.434 Loading class javax/swing/text/DefaultCaret$1
Event: 4.434 Loading class javax/swing/text/DefaultCaret$1 done
Event: 4.434 Loading class javax/swing/event/UndoableEditEvent
Event: 4.434 Loading class javax/swing/event/UndoableEditEvent done
Event: 4.434 Loading class javax/swing/text/AbstractDocument$DefaultDocumentEventUndoableWrapper
Event: 4.434 Loading class sun/swing/text/UndoableEditLockSupport
Event: 4.434 Loading class sun/swing/text/UndoableEditLockSupport done
Event: 4.434 Loading class javax/swing/text/AbstractDocument$DefaultDocumentEventUndoableWrapper done
Event: 4.434 Loading class javax/swing/event/UndoableEditListener
Event: 4.434 Loading class javax/swing/event/UndoableEditListener done
Event: 5.462 Loading class java/lang/invoke/MethodHandle$1
Event: 5.462 Loading class java/lang/invoke/MethodHandle$1 done
Event: 7.002 Loading class javax/swing/text/GapContent$RemoveUndo
Event: 7.002 Loading class javax/swing/text/GapContent$RemoveUndo done

Classes unloaded (0 events):
No events

Classes redefined (0 events):
No events

Internal exceptions (20 events):
Event: 0.125 Thread 0x0000024341178520 Exception <a 'java/lang/NoSuchMethodError'{0x000000062c161f58}: 'java.lang.Object java.lang.invoke.DirectMethodHandle$Holder.invokeStaticInit(java.lang.Object, long)'> (0x000000062c161f58) 
thrown [s\open\src\hotspot\share\interpreter\linkResolver.cpp, line 805]
Event: 0.177 Thread 0x0000024341178520 Exception <a 'java/lang/NoSuchMethodError'{0x000000062c1930e8}: 'void java.lang.invoke.DirectMethodHandle$Holder.invokeSpecial(java.lang.Object, java.lang.Object, java.lang.Object)'> (0x000000062c1930e8) 
thrown [s\open\src\hotspot\share\interpreter\linkResolver.cpp, line 805]
Event: 0.182 Thread 0x0000024341178520 Exception <a 'java/lang/NoSuchMethodError'{0x000000062c2030e8}: 'java.lang.Object java.lang.invoke.DirectMethodHandle$Holder.newInvokeSpecial(java.lang.Object, java.lang.Object, java.lang.Object, java.lang.Object, java.lang.Object)'> (0x000000062c2030e8) 
thrown [s\open\src\hotspot\share\interpreter\linkResolver.cpp, line 805]
Event: 0.185 Thread 0x0000024341178520 Exception <a 'java/lang/NoSuchMethodError'{0x000000062c26b5b0}: 'java.lang.Object java.lang.invoke.DirectMethodHandle$Holder.invokeStatic(java.lang.Object, int, java.lang.Object)'> (0x000000062c26b5b0) 
thrown [s\open\src\hotspot\share\interpreter\linkResolver.cpp, line 805]
Event: 0.198 Thread 0x0000024341178520 Exception <a 'java/lang/ClassNotFoundException'{0x000000062bc9c030}: com/sun/swing/internal/plaf/metal/resources/spi/metalProvider> (0x000000062bc9c030) 
thrown [s\open\src\hotspot\share\classfile\systemDictionary.cpp, line 327]
Event: 0.199 Thread 0x0000024341178520 Exception <a 'java/lang/ClassNotFoundException'{0x000000062bc9fd40}: com/sun/swing/internal/plaf/basic/resources/spi/basicProvider> (0x000000062bc9fd40) 
thrown [s\open\src\hotspot\share\classfile\systemDictionary.cpp, line 327]
Event: 0.203 Thread 0x0000024341178520 Exception <a 'java/lang/NoSuchMethodError'{0x000000062bcce260}: 'int java.lang.invoke.Invokers$Holder.invokeExact_MT(java.lang.Object, java.lang.Object)'> (0x000000062bcce260) 
thrown [s\open\src\hotspot\share\interpreter\linkResolver.cpp, line 805]
Event: 0.222 Thread 0x0000024341178520 Exception <a 'java/lang/NoSuchMethodError'{0x000000062bd377c0}: 'long java.lang.invoke.DirectMethodHandle$Holder.invokeStaticInit(java.lang.Object, long, long, long, long)'> (0x000000062bd377c0) 
thrown [s\open\src\hotspot\share\interpreter\linkResolver.cpp, line 805]
Event: 0.223 Thread 0x0000024341178520 Exception <a 'java/lang/NoSuchMethodError'{0x000000062bd40338}: 'java.lang.Object java.lang.invoke.DirectMethodHandle$Holder.invokeInterface(java.lang.Object, java.lang.Object, long, long)'> (0x000000062bd40338) 
thrown [s\open\src\hotspot\share\interpreter\linkResolver.cpp, line 805]
Event: 0.223 Thread 0x0000024341178520 Exception <a 'java/lang/NoSuchMethodError'{0x000000062bd58c20}: 'void java.lang.invoke.DirectMethodHandle$Holder.invokeStaticInit(java.lang.Object, java.lang.Object, long, java.lang.Object)'> (0x000000062bd58c20) 
thrown [s\open\src\hotspot\share\interpreter\linkResolver.cpp, line 805]
Event: 0.223 Thread 0x0000024341178520 Exception <a 'java/lang/NoSuchMethodError'{0x000000062bd61808}: 'long java.lang.invoke.DirectMethodHandle$Holder.invokeStatic(java.lang.Object, long, long)'> (0x000000062bd61808) 
thrown [s\open\src\hotspot\share\interpreter\linkResolver.cpp, line 805]
Event: 0.224 Thread 0x0000024341178520 Exception <a 'java/lang/NoSuchMethodError'{0x000000062bd8aa28}: 'java.lang.Object java.lang.invoke.DirectMethodHandle$Holder.newInvokeSpecial(java.lang.Object, int, java.lang.Object)'> (0x000000062bd8aa28) 
thrown [s\open\src\hotspot\share\interpreter\linkResolver.cpp, line 805]
Event: 0.225 Thread 0x0000024341178520 Exception <a 'java/lang/NoSuchMethodError'{0x000000062bda5ef8}: 'void java.lang.invoke.DelegatingMethodHandle$Holder.reinvoke_L(java.lang.Object, java.lang.Object, java.lang.Object, java.lang.Object, long, long, int)'> (0x000000062bda5ef8) 
thrown [s\open\src\hotspot\share\interpreter\linkResolver.cpp, line 805]
Event: 0.226 Thread 0x0000024341178520 Exception <a 'java/lang/NoSuchMethodError'{0x000000062bdc60c8}: 'java.lang.Object java.lang.invoke.DirectMethodHandle$Holder.invokeStatic(java.lang.Object, java.lang.Object, java.lang.Object, java.lang.Object, java.lang.Object, long)'> (0x000000062bdc60c8) 
thrown [s\open\src\hotspot\share\interpreter\linkResolver.cpp, line 805]
Event: 0.227 Thread 0x0000024341178520 Exception <a 'java/lang/NoSuchMethodError'{0x000000062bdea8f8}: 'void java.lang.invoke.DelegatingMethodHandle$Holder.reinvoke_L(java.lang.Object, java.lang.Object, java.lang.Object, java.lang.Object, long, long, long)'> (0x000000062bdea8f8) 
thrown [s\open\src\hotspot\share\interpreter\linkResolver.cpp, line 805]
Event: 0.228 Thread 0x0000024341178520 Exception <a 'java/lang/NoSuchMethodError'{0x000000062be077e8}: 'void java.lang.invoke.DirectMethodHandle$Holder.invokeStaticInit(java.lang.Object)'> (0x000000062be077e8) 
thrown [s\open\src\hotspot\share\interpreter\linkResolver.cpp, line 805]
Event: 0.269 Thread 0x00000243419a3f70 Exception <a 'java/lang/NoSuchMethodError'{0x000000062c7e7580}: 'void java.lang.invoke.DirectMethodHandle$Holder.invokeVirtual(java.lang.Object, java.lang.Object)'> (0x000000062c7e7580) 
thrown [s\open\src\hotspot\share\interpreter\linkResolver.cpp, line 805]
Event: 0.277 Thread 0x0000024341178520 Exception <a 'java/lang/NoSuchMethodError'{0x000000062beb90d0}: 'void java.lang.invoke.DelegatingMethodHandle$Holder.reinvoke_L(java.lang.Object, java.lang.Object, java.lang.Object, java.lang.Object, long, long, float)'> (0x000000062beb90d0) 
thrown [s\open\src\hotspot\share\interpreter\linkResolver.cpp, line 805]
Event: 0.284 Thread 0x0000024341178520 Exception <a 'java/lang/NoSuchMethodError'{0x000000062befaa80}: 'void java.lang.invoke.DelegatingMethodHandle$Holder.reinvoke_L(java.lang.Object, java.lang.Object, java.lang.Object, java.lang.Object, long, long, double)'> (0x000000062befaa80) 
thrown [s\open\src\hotspot\share\interpreter\linkResolver.cpp, line 805]
Event: 0.310 Thread 0x0000024341178520 Exception <a 'java/lang/NoSuchMethodError'{0x000000062bf5d8e8}: 'float java.lang.invoke.DelegatingMethodHandle$Holder.reinvoke_L(java.lang.Object, java.lang.Object, java.lang.Object, java.lang.Object, long, long)'> (0x000000062bf5d8e8) 
thrown [s\open\src\hotspot\share\interpreter\linkResolver.cpp, line 805]

VM Operations (11 events):
Event: 0.198 Executing VM operation: HandshakeAllThreads (Deoptimize)
Event: 0.198 Executing VM operation: HandshakeAllThreads (Deoptimize) done
Event: 0.209 Executing VM operation: HandshakeAllThreads (Deoptimize)
Event: 0.209 Executing VM operation: HandshakeAllThreads (Deoptimize) done
Event: 0.210 Executing VM operation: HandshakeAllThreads (Deoptimize)
Event: 0.210 Executing VM operation: HandshakeAllThreads (Deoptimize) done
Event: 0.317 Executing VM operation: HandshakeAllThreads (Deoptimize)
Event: 0.317 Executing VM operation: HandshakeAllThreads (Deoptimize) done
Event: 0.317 Executing VM operation: HandshakeAllThreads (Deoptimize)
Event: 0.317 Executing VM operation: HandshakeAllThreads (Deoptimize) done
Event: 17.721 Executing VM operation: Exit

Memory protections (0 events):
No events

Nmethod flushes (0 events):
No events

Events (20 events):
Event: 0.062 Thread 0x000002436aa33b50 Thread added: 0x0000024341a16240
Event: 0.062 Thread 0x000002436aa33b50 Thread added: 0x00000243418d0910
Event: 0.062 Thread 0x000002436aa33b50 Thread added: 0x00000243418d10a0
Event: 0.069 Thread 0x0000024343f522e0 Thread added: 0x0000024341178520
Event: 0.069 Thread 0x0000024343f522e0 Thread exited: 0x0000024343f522e0
Event: 0.069 Thread 0x0000024343f522e0 Thread added: 0x0000024343f522e0
Event: 0.277 Thread 0x0000024341178520 Thread added: 0x0000024342731b80
Event: 0.338 Thread 0x0000024341178520 Thread added: 0x0000024342870e30
Event: 0.840 Thread 0x00000243418d10a0 Thread exited: 0x00000243418d10a0
Event: 2.342 Thread 0x00000243418d0910 Thread exited: 0x00000243418d0910
Event: 3.343 Thread 0x0000024341a16240 Thread exited: 0x0000024341a16240
Event: 6.464 Thread 0x000002436aa33b50 Thread added: 0x0000024342da3600
Event: 7.800 Thread 0x0000024342da3600 Thread exited: 0x0000024342da3600
Event: 17.619 Thread 0x0000024341178520 Thread added: 0x00000243419e2710
Event: 17.619 Thread 0x0000024341178520 Thread added: 0x00000243431d91d0
Event: 17.619 Thread 0x00000243419e2710 Thread exited: 0x00000243419e2710
Event: 17.620 Thread 0x0000024342731b80 Thread exited: 0x0000024342731b80
Event: 17.653 Thread 0x00000243419a3f70 Thread exited: 0x00000243419a3f70
Event: 17.721 Thread 0x00000243431d91d0 Thread exited: 0x00000243431d91d0
Event: 17.721 Thread 0x0000024341178520 Before exit entered


Dynamic libraries:
0x00007ff7a1dc0000 - 0x00007ff7a1dd0000 	C:\Program Files\Java\jdk-24\bin\java.exe
0x00007ff9db680000 - 0x00007ff9db8e6000 	C:\WINDOWS\SYSTEM32\ntdll.dll
0x00007ff9da0d0000 - 0x00007ff9da199000 	C:\WINDOWS\System32\KERNEL32.DLL
0x00007ff9d8b80000 - 0x00007ff9d8f4c000 	C:\WINDOWS\System32\KERNELBASE.dll
0x00007ff9d8f50000 - 0x00007ff9d909b000 	C:\WINDOWS\System32\ucrtbase.dll
0x00007ff9ae5d0000 - 0x00007ff9ae5eb000 	C:\Program Files\Java\jdk-24\bin\VCRUNTIME140.dll
0x00007ff9b1900000 - 0x00007ff9b1916000 	C:\Program Files\Java\jdk-24\bin\jli.dll
0x00007ff9db0f0000 - 0x00007ff9db2ba000 	C:\WINDOWS\System32\USER32.dll
0x00007ff9c2c60000 - 0x00007ff9c2efa000 	C:\WINDOWS\WinSxS\amd64_microsoft.windows.common-controls_6595b64144ccf1df_6.0.26100.3912_none_3e07963ce335137e\COMCTL32.dll
0x00007ff9d9360000 - 0x00007ff9d9387000 	C:\WINDOWS\System32\win32u.dll
0x00007ff9dafa0000 - 0x00007ff9dafcb000 	C:\WINDOWS\System32\GDI32.dll
0x00007ff9daef0000 - 0x00007ff9daf99000 	C:\WINDOWS\System32\msvcrt.dll
0x00007ff9d9220000 - 0x00007ff9d9352000 	C:\WINDOWS\System32\gdi32full.dll
0x00007ff9d9390000 - 0x00007ff9d9433000 	C:\WINDOWS\System32\msvcp_win.dll
0x00007ff9da9d0000 - 0x00007ff9daa00000 	C:\WINDOWS\System32\IMM32.DLL
0x00007ff9bbb90000 - 0x00007ff9bbb9c000 	C:\Program Files\Java\jdk-24\bin\vcruntime140_1.dll
0x00007ff9a4e90000 - 0x00007ff9a4f1e000 	C:\Program Files\Java\jdk-24\bin\msvcp140.dll
0x00007ff8f9520000 - 0x00007ff8fa2c2000 	C:\Program Files\Java\jdk-24\bin\server\jvm.dll
0x00007ff9db580000 - 0x00007ff9db632000 	C:\WINDOWS\System32\ADVAPI32.dll
0x00007ff9db4d0000 - 0x00007ff9db576000 	C:\WINDOWS\System32\sechost.dll
0x00007ff9dadc0000 - 0x00007ff9daed6000 	C:\WINDOWS\System32\RPCRT4.dll
0x00007ff9daa10000 - 0x00007ff9daa84000 	C:\WINDOWS\System32\WS2_32.dll
0x00007ff9d8050000 - 0x00007ff9d80ae000 	C:\WINDOWS\SYSTEM32\POWRPROF.dll
0x00007ff9d2d10000 - 0x00007ff9d2d1b000 	C:\WINDOWS\SYSTEM32\VERSION.dll
0x00007ff9cd200000 - 0x00007ff9cd236000 	C:\WINDOWS\SYSTEM32\WINMM.dll
0x00007ff9d8030000 - 0x00007ff9d8044000 	C:\WINDOWS\SYSTEM32\UMPDC.dll
0x00007ff9d7590000 - 0x00007ff9d75aa000 	C:\WINDOWS\SYSTEM32\kernel.appcore.dll
0x00007ff9babf0000 - 0x00007ff9babfa000 	C:\Program Files\Java\jdk-24\bin\jimage.dll
0x00007ff9cd550000 - 0x00007ff9cd791000 	C:\WINDOWS\SYSTEM32\DBGHELP.DLL
0x00007ff9da640000 - 0x00007ff9da9c4000 	C:\WINDOWS\System32\combase.dll
0x00007ff9db000000 - 0x00007ff9db0e0000 	C:\WINDOWS\System32\OLEAUT32.dll
0x00007ff9bdc90000 - 0x00007ff9bdcc9000 	C:\WINDOWS\SYSTEM32\dbgcore.DLL
0x00007ff9d8ae0000 - 0x00007ff9d8b79000 	C:\WINDOWS\System32\bcryptPrimitives.dll
0x00007ff9a91c0000 - 0x00007ff9a91de000 	C:\Program Files\Java\jdk-24\bin\java.dll
0x00007ff9dac00000 - 0x00007ff9dad9f000 	C:\WINDOWS\System32\ole32.dll
0x00007ff9d9440000 - 0x00007ff9d9b6d000 	C:\WINDOWS\System32\SHELL32.dll
0x00007ff9d90a0000 - 0x00007ff9d9214000 	C:\WINDOWS\System32\wintypes.dll
0x00007ff9d6460000 - 0x00007ff9d6cb6000 	C:\WINDOWS\SYSTEM32\windows.storage.dll
0x00007ff9d9ca0000 - 0x00007ff9d9d8f000 	C:\WINDOWS\System32\SHCORE.dll
0x00007ff9d9c30000 - 0x00007ff9d9c99000 	C:\WINDOWS\System32\shlwapi.dll
0x00007ff9d8720000 - 0x00007ff9d874f000 	C:\WINDOWS\SYSTEM32\profapi.dll
0x00007ff99ef00000 - 0x00007ff99efd7000 	C:\Program Files\Java\jdk-24\bin\jsvml.dll
0x00007ff983e60000 - 0x00007ff983fdf000 	C:\Program Files\Java\jdk-24\bin\awt.dll
0x00007ff9d5840000 - 0x00007ff9d58de000 	C:\WINDOWS\SYSTEM32\apphelp.dll
0x00007ff9d5980000 - 0x00007ff9d5a2f000 	C:\WINDOWS\system32\uxtheme.dll
0x0000000180000000 - 0x000000018813d000 	C:\Program Files (x86)\ASUS\GPUTweakIII\GTIII-OSD\x64\GTIII-OSD64-VK.dll
0x00007ff92adb0000 - 0x00007ff92af35000 	C:\WINDOWS\SYSTEM32\vulkan-1.dll
0x00007ff9d8480000 - 0x00007ff9d84d7000 	C:\WINDOWS\SYSTEM32\CFGMGR32.dll
0x00007ff9daa90000 - 0x00007ff9dabef000 	C:\WINDOWS\System32\MSCTF.dll
0x00007ff9d5dc0000 - 0x00007ff9d5df6000 	C:\WINDOWS\system32\DWMAPI.DLL
0x0000024341f30000 - 0x000002434203c000 	C:\WINDOWS\system32\opengl32.dll
0x00007ff92ac70000 - 0x00007ff92ac9d000 	C:\WINDOWS\SYSTEM32\GLU32.dll
0x00007ff9d5b80000 - 0x00007ff9d5bc7000 	C:\WINDOWS\SYSTEM32\dxcore.dll
0x00007ff9d7f00000 - 0x00007ff9d7f13000 	C:\WINDOWS\SYSTEM32\msasn1.dll
0x00007ff9d1dd0000 - 0x00007ff9d1e0b000 	C:\WINDOWS\SYSTEM32\cryptnet.dll
0x00007ff9d8960000 - 0x00007ff9d8ad7000 	C:\WINDOWS\System32\CRYPT32.dll
0x00007ff9d7d10000 - 0x00007ff9d7d1c000 	C:\WINDOWS\SYSTEM32\cryptbase.dll
0x00007ff9d7db0000 - 0x00007ff9d7e0d000 	C:\WINDOWS\SYSTEM32\wldp.dll
0x00007ff9d1c50000 - 0x00007ff9d1dcc000 	C:\WINDOWS\SYSTEM32\drvstore.dll
0x00007ff9d8450000 - 0x00007ff9d847d000 	C:\WINDOWS\SYSTEM32\devobj.dll
0x00007ff9d8810000 - 0x00007ff9d8890000 	C:\WINDOWS\System32\wintrust.dll
0x00007ff9dafd0000 - 0x00007ff9daff0000 	C:\WINDOWS\System32\imagehlp.dll
0x00007ff9d7ea0000 - 0x00007ff9d7ebc000 	C:\WINDOWS\SYSTEM32\CRYPTSP.dll
0x00007ff9d74f0000 - 0x00007ff9d752a000 	C:\WINDOWS\system32\rsaenh.dll
0x00007ff9d86f0000 - 0x00007ff9d8716000 	C:\WINDOWS\SYSTEM32\bcrypt.dll
0x00007ff9d5bd0000 - 0x00007ff9d5c30000 	C:\WINDOWS\SYSTEM32\directxdatabasehelper.dll
0x00007ff9b8370000 - 0x00007ff9b8676000 	C:\WINDOWS\system32\nvspcap64.dll
0x00007ff9d76b0000 - 0x00007ff9d76e5000 	C:\WINDOWS\SYSTEM32\ntmarta.dll
0x00007ff9d7b50000 - 0x00007ff9d7b77000 	C:\WINDOWS\SYSTEM32\gpapi.dll
0x00007ff9b81b0000 - 0x00007ff9b8364000 	C:\WINDOWS\System32\DriverStore\FileRepository\nv_dispi.inf_amd64_0fb2df354c49e826\nvppex.dll
0x00007ff987600000 - 0x00007ff987687000 	C:\Program Files\Java\jdk-24\bin\freetype.dll
0x00007ff982080000 - 0x00007ff982157000 	C:\Program Files\Java\jdk-24\bin\fontmanager.dll
0x00007ff9d9b80000 - 0x00007ff9d9c28000 	C:\WINDOWS\System32\clbcatq.dll
0x00007ff9d4000000 - 0x00007ff9d423a000 	C:\WINDOWS\SYSTEM32\WindowsCodecs.dll
0x00007ff9c3110000 - 0x00007ff9c325d000 	C:\WINDOWS\SYSTEM32\textinputframework.dll
0x00007ff9b9170000 - 0x00007ff9b9180000 	C:\Program Files\Java\jdk-24\bin\net.dll
0x00007ff9d7ae0000 - 0x00007ff9d7b4a000 	C:\WINDOWS\system32\mswsock.dll
0x00007ff9a9110000 - 0x00007ff9a9126000 	C:\Program Files\Java\jdk-24\bin\nio.dll
0x00007ff9d53f0000 - 0x00007ff9d5516000 	C:\WINDOWS\SYSTEM32\CoreMessaging.dll
0x00007ff9d23f0000 - 0x00007ff9d26d3000 	C:\WINDOWS\SYSTEM32\CoreUIComponents.dll
0x0000024377620000 - 0x000002437f747000 	C:\Program Files (x86)\ASUS\GPUTweakIII\GTIII-OSD\x64\GTIII-OSD64-GL.dll
0x00007ff9daee0000 - 0x00007ff9daee8000 	C:\WINDOWS\System32\PSAPI.DLL
0x00000000604d0000 - 0x0000000060533000 	C:\Program Files (x86)\ASUS\GPUTweakIII\GTIII-OSD\x64\glew32.dll
0x000002437f750000 - 0x00000243879af000 	C:\Program Files (x86)\ASUS\GPUTweakIII\GTIII-OSD\x64\GTIII-OSD64.dll
0x00007ff9d3b70000 - 0x00007ff9d3fef000 	C:\WINDOWS\SYSTEM32\D3DCOMPILER_47.dll
0x00007ff981720000 - 0x00007ff981743000 	C:\WINDOWS\SYSTEM32\d3d12.dll
0x00007ff92a9c0000 - 0x00007ff92ac23000 	C:\WINDOWS\SYSTEM32\d3dx9_43.dll
0x00007ff92ac30000 - 0x00007ff92ac64000 	C:\WINDOWS\SYSTEM32\d3d10_1.dll
0x00007ff92a9a0000 - 0x00007ff92a9ae000 	C:\WINDOWS\SYSTEM32\d3d10_1core.dll
0x00007ff9d4af0000 - 0x00007ff9d4d56000 	C:\WINDOWS\SYSTEM32\d3d11.dll
0x00007ff9d5c60000 - 0x00007ff9d5d93000 	C:\WINDOWS\SYSTEM32\dxgi.dll
0x00007ff9ae6a0000 - 0x00007ff9ae74b000 	C:\WINDOWS\SYSTEM32\TextShaping.dll

dbghelp: loaded successfully - version: 4.0.5 - missing functions: none
symbol engine: initialized successfully - sym options: 0x614 - pdb path: .;C:\Program Files\Java\jdk-24\bin;C:\WINDOWS\SYSTEM32;C:\WINDOWS\WinSxS\amd64_microsoft.windows.common-controls_6595b64144ccf1df_6.0.26100.3912_none_3e07963ce335137e;C:\Program Files\Java\jdk-24\bin\server;C:\Program Files (x86)\ASUS\GPUTweakIII\GTIII-OSD\x64;C:\WINDOWS\System32\DriverStore\FileRepository\nv_dispi.inf_amd64_0fb2df354c49e826

VM Arguments:
jvm_args: --enable-preview -XX:+ShowCodeDetailsInExceptionMessages 
java_command: Formulario
java_class_path (initial): C:\Users\nacho\Documents\GitHub\Practica-Java\Estructuras-de-Datos\Estructuras de Datos\bin
Launcher Type: SUN_STANDARD

[Global flags]
     intx CICompilerCount                          = 12                                        {product} {ergonomic}
     uint ConcGCThreads                            = 5                                         {product} {ergonomic}
     uint G1ConcRefinementThreads                  = 18                                        {product} {ergonomic}
   size_t G1HeapRegionSize                         = 4194304                                   {product} {ergonomic}
   size_t InitialHeapSize                          = 524288000                                 {product} {ergonomic}
   size_t MarkStackSize                            = 4194304                                   {product} {ergonomic}
   size_t MarkStackSizeMax                         = 536870912                                 {product} {ergonomic}
   size_t MaxHeapSize                              = 8367636480                                {product} {ergonomic}
   size_t MaxNewSize                               = 5020581888                                {product} {ergonomic}
   size_t MinHeapDeltaBytes                        = 4194304                                   {product} {ergonomic}
   size_t MinHeapSize                              = 8388608                                   {product} {ergonomic}
    uintx NonNMethodCodeHeapSize                   = 7602176                                {pd product} {ergonomic}
    uintx NonProfiledCodeHeapSize                  = 122093568                              {pd product} {ergonomic}
    uintx ProfiledCodeHeapSize                     = 121962496                              {pd product} {ergonomic}
    uintx ReservedCodeCacheSize                    = 251658240                              {pd product} {ergonomic}
     bool SegmentedCodeCache                       = true                                      {product} {ergonomic}
     bool ShowCodeDetailsInExceptionMessages       = true                                   {manageable} {command line}
   size_t SoftMaxHeapSize                          = 8367636480                             {manageable} {ergonomic}
     bool UseCompressedOops                        = true                           {product lp64_product} {ergonomic}
     bool UseG1GC                                  = true                                      {product} {ergonomic}
     bool UseLargePagesIndividualAllocation        = false                                  {pd product} {ergonomic}

Logging:
Log output configuration:
 #0: stdout all=off uptime,level,tags foldmultilines=false
 #1: stderr all=off uptime,level,tags foldmultilines=false

Environment Variables:
PATH=C:\Program Files\Common Files\Oracle\Java\javapath;C:\WINDOWS\system32;C:\WINDOWS;C:\WINDOWS\System32\Wbem;C:\WINDOWS\System32\WindowsPowerShell\v1.0\;C:\WINDOWS\System32\OpenSSH\;C:\Program Files\NVIDIA Corporation\NVIDIA app\NvDLISR;C:\Program Files (x86)\NVIDIA Corporation\PhysX\Common;C:\Program Files\Microsoft SQL Server\150\Tools\Binn\;C:\Program Files\Microsoft SQL Server\Client SDK\ODBC\170\Tools\Binn\;C:\Program Files\Git\cmd;C:\Program Files (x86)\Microsoft SQL Server\160\Tools\Binn\;C:\Program Files\Microsoft SQL Server\160\Tools\Binn\;C:\Program Files\Microsoft SQL Server\160\DTS\Binn\;C:\Program Files (x86)\Microsoft SQL Server\160\DTS\Binn\;C:\Program Files\dotnet\;C:\Users\nacho\AppData\Local\Programs\Python\Python313\Scripts\;C:\Users\nacho\AppData\Local\Programs\Python\Python313\;C:\Users\nacho\AppData\Local\Microsoft\WindowsApps;C:\Users\nacho\AppData\Local\Programs\Microsoft VS Code\bin;C:\Users\nacho\AppData\Local\GitHubDesktop\bin;C:\Users\nacho\.dotnet\tools
USERNAME=nacho
LANG=en_US.UTF-8
OS=Windows_NT
PROCESSOR_IDENTIFIER=AMD64 Family 26 Model 68 Stepping 0, AuthenticAMD
TMP=C:\Users\nacho\AppData\Local\Temp
TEMP=C:\Users\nacho\AppData\Local\Temp




Periodic native trim disabled

---------------  S Y S T E M  ---------------

OS:
 Windows 11 , 64 bit Build 26100 (10.0.26100.3912)
OS uptime: 0 days 4:55 hours
Hyper-V role detected

CPU: total 24 (initial active 24) (24 cores per cpu, 2 threads per core) family 26 model 68 stepping 0 microcode 0xb404023, cx8, cmov, fxsr, ht, mmx, 3dnowpref, sse, sse2, sse3, ssse3, sse4a, sse4.1, sse4.2, popcnt, lzcnt, tsc, tscinvbit, avx, avx2, aes, erms, clmul, bmi1, bmi2, adx, avx512f, avx512dq, avx512cd, avx512bw, avx512vl, sha, fma, vzeroupper, avx512_vpopcntdq, avx512_vpclmulqdq, avx512_vaes, avx512_vnni, clflush, clflushopt, avx512_vbmi2, avx512_vbmi, hv, rdtscp, rdpid, fsrm, gfni, avx512_bitalg, f16c, cet_ss, avx512_ifma
Processor Information for the first 24 processors :
  Max Mhz: 4400, Current Mhz: 4400, Mhz Limit: 4400

Memory: 4k page, system-wide physical 31911M (17164M free)
TotalPageFile size 34215M (AvailPageFile size 8166M)
current process WorkingSet (physical memory assigned to process): 96M, peak: 198M
current process commit charge ("private bytes"): 1052M, peak: 1161M

vm_info: Java HotSpot(TM) 64-Bit Server VM (24+36-3646) for windows-amd64 JRE (24+36-3646), built on 2025-02-06T00:20:43Z with MS VC++ 17.6 (VS2022)

END.
